24-03-19.20:20:40.292 [main            ] INFO  ApiTest                - Starting ApiTest using Java 1.8.0_402 on MatthewdeMacBook-Air.local with PID 82481 (started by matthew in /Users/matthew/Desktop/Marketing system/Marketing-system-app)
24-03-19.20:20:40.293 [main            ] INFO  ApiTest                - The following 1 profile is active: "dev"
24-03-19.20:20:40.839 [main            ] INFO  RepositoryConfigurationDelegate - Multiple Spring Data modules found, entering strict repository configuration mode
24-03-19.20:20:40.842 [main            ] INFO  RepositoryConfigurationDelegate - Bootstrapping Spring Data Redis repositories in DEFAULT mode.
24-03-19.20:20:40.864 [main            ] INFO  RepositoryConfigurationDelegate - Finished Spring Data repository scanning in 8 ms. Found 0 Redis repository interfaces.
24-03-19.20:20:41.307 [main            ] WARN  GenericWebApplicationContext - Exception encountered during context initialization - cancelling refresh attempt: org.springframework.beans.factory.BeanCreationException: Error creating bean with name 'strategyFactory': Injection of resource dependencies failed; nested exception is org.springframework.beans.factory.BeanCreationException: Error creating bean with name 'strategyRepository': Injection of resource dependencies failed; nested exception is org.springframework.beans.factory.NoSuchBeanDefinitionException: No qualifying bean of type 'cn.matthew.infrastructure.persistent.dao.IStrategyRuleDao' available: expected at least 1 bean which qualifies as autowire candidate. Dependency annotations: {@javax.annotation.Resource(shareable=true, lookup=, name=, description=, authenticationType=CONTAINER, type=class java.lang.Object, mappedName=)}
24-03-19.20:20:41.321 [main            ] INFO  ConditionEvaluationReportLoggingListener - 

Error starting ApplicationContext. To display the conditions report re-run your application with 'debug' enabled.
24-03-19.20:20:41.336 [main            ] ERROR LoggingFailureAnalysisReporter - 

***************************
APPLICATION FAILED TO START
***************************

Description:

A component required a bean of type 'cn.matthew.infrastructure.persistent.dao.IStrategyRuleDao' that could not be found.


Action:

Consider defining a bean of type 'cn.matthew.infrastructure.persistent.dao.IStrategyRuleDao' in your configuration.

24-03-19.20:20:41.337 [main            ] ERROR TestContextManager     - Caught exception while allowing TestExecutionListener [org.springframework.test.context.web.ServletTestExecutionListener@69453e37] to prepare test instance [cn.matthew.test.ApiTest@59b65dce]
java.lang.IllegalStateException: Failed to load ApplicationContext
	at org.springframework.test.context.cache.DefaultCacheAwareContextLoaderDelegate.loadContext(DefaultCacheAwareContextLoaderDelegate.java:98)
	at org.springframework.test.context.support.DefaultTestContext.getApplicationContext(DefaultTestContext.java:124)
	at org.springframework.test.context.web.ServletTestExecutionListener.setUpRequestContextIfNecessary(ServletTestExecutionListener.java:190)
	at org.springframework.test.context.web.ServletTestExecutionListener.prepareTestInstance(ServletTestExecutionListener.java:132)
	at org.springframework.test.context.TestContextManager.prepareTestInstance(TestContextManager.java:248)
	at org.springframework.test.context.junit4.SpringJUnit4ClassRunner.createTest(SpringJUnit4ClassRunner.java:227)
	at org.springframework.test.context.junit4.SpringJUnit4ClassRunner$1.runReflectiveCall(SpringJUnit4ClassRunner.java:289)
	at org.junit.internal.runners.model.ReflectiveCallable.run(ReflectiveCallable.java:12)
	at org.springframework.test.context.junit4.SpringJUnit4ClassRunner.methodBlock(SpringJUnit4ClassRunner.java:291)
	at org.springframework.test.context.junit4.SpringJUnit4ClassRunner.runChild(SpringJUnit4ClassRunner.java:246)
	at org.springframework.test.context.junit4.SpringJUnit4ClassRunner.runChild(SpringJUnit4ClassRunner.java:97)
	at org.junit.runners.ParentRunner$4.run(ParentRunner.java:331)
	at org.junit.runners.ParentRunner$1.schedule(ParentRunner.java:79)
	at org.junit.runners.ParentRunner.runChildren(ParentRunner.java:329)
	at org.junit.runners.ParentRunner.access$100(ParentRunner.java:66)
	at org.junit.runners.ParentRunner$2.evaluate(ParentRunner.java:293)
	at org.springframework.test.context.junit4.statements.RunBeforeTestClassCallbacks.evaluate(RunBeforeTestClassCallbacks.java:61)
	at org.springframework.test.context.junit4.statements.RunAfterTestClassCallbacks.evaluate(RunAfterTestClassCallbacks.java:70)
	at org.junit.runners.ParentRunner$3.evaluate(ParentRunner.java:306)
	at org.junit.runners.ParentRunner.run(ParentRunner.java:413)
	at org.springframework.test.context.junit4.SpringJUnit4ClassRunner.run(SpringJUnit4ClassRunner.java:190)
	at org.junit.runner.JUnitCore.run(JUnitCore.java:137)
	at com.intellij.junit4.JUnit4IdeaTestRunner.startRunnerWithArgs(JUnit4IdeaTestRunner.java:69)
	at com.intellij.rt.junit.IdeaTestRunner$Repeater$1.execute(IdeaTestRunner.java:38)
	at com.intellij.rt.execution.junit.TestsRepeater.repeat(TestsRepeater.java:11)
	at com.intellij.rt.junit.IdeaTestRunner$Repeater.startRunnerWithArgs(IdeaTestRunner.java:35)
	at com.intellij.rt.junit.JUnitStarter.prepareStreamsAndStart(JUnitStarter.java:232)
	at com.intellij.rt.junit.JUnitStarter.main(JUnitStarter.java:55)
Caused by: org.springframework.beans.factory.BeanCreationException: Error creating bean with name 'strategyFactory': Injection of resource dependencies failed; nested exception is org.springframework.beans.factory.BeanCreationException: Error creating bean with name 'strategyRepository': Injection of resource dependencies failed; nested exception is org.springframework.beans.factory.NoSuchBeanDefinitionException: No qualifying bean of type 'cn.matthew.infrastructure.persistent.dao.IStrategyRuleDao' available: expected at least 1 bean which qualifies as autowire candidate. Dependency annotations: {@javax.annotation.Resource(shareable=true, lookup=, name=, description=, authenticationType=CONTAINER, type=class java.lang.Object, mappedName=)}
	at org.springframework.context.annotation.CommonAnnotationBeanPostProcessor.postProcessProperties(CommonAnnotationBeanPostProcessor.java:332)
	at org.springframework.beans.factory.support.AbstractAutowireCapableBeanFactory.populateBean(AbstractAutowireCapableBeanFactory.java:1431)
	at org.springframework.beans.factory.support.AbstractAutowireCapableBeanFactory.doCreateBean(AbstractAutowireCapableBeanFactory.java:619)
	at org.springframework.beans.factory.support.AbstractAutowireCapableBeanFactory.createBean(AbstractAutowireCapableBeanFactory.java:542)
	at org.springframework.beans.factory.support.AbstractBeanFactory.lambda$doGetBean$0(AbstractBeanFactory.java:335)
	at org.springframework.beans.factory.support.DefaultSingletonBeanRegistry.getSingleton(DefaultSingletonBeanRegistry.java:234)
	at org.springframework.beans.factory.support.AbstractBeanFactory.doGetBean(AbstractBeanFactory.java:333)
	at org.springframework.beans.factory.support.AbstractBeanFactory.getBean(AbstractBeanFactory.java:208)
	at org.springframework.beans.factory.support.DefaultListableBeanFactory.preInstantiateSingletons(DefaultListableBeanFactory.java:955)
	at org.springframework.context.support.AbstractApplicationContext.finishBeanFactoryInitialization(AbstractApplicationContext.java:920)
	at org.springframework.context.support.AbstractApplicationContext.refresh(AbstractApplicationContext.java:583)
	at org.springframework.boot.SpringApplication.refresh(SpringApplication.java:731)
	at org.springframework.boot.SpringApplication.refreshContext(SpringApplication.java:408)
	at org.springframework.boot.SpringApplication.run(SpringApplication.java:307)
	at org.springframework.boot.test.context.SpringBootContextLoader.loadContext(SpringBootContextLoader.java:136)
	at org.springframework.test.context.cache.DefaultCacheAwareContextLoaderDelegate.loadContextInternal(DefaultCacheAwareContextLoaderDelegate.java:141)
	at org.springframework.test.context.cache.DefaultCacheAwareContextLoaderDelegate.loadContext(DefaultCacheAwareContextLoaderDelegate.java:90)
	... 27 common frames omitted
Caused by: org.springframework.beans.factory.BeanCreationException: Error creating bean with name 'strategyRepository': Injection of resource dependencies failed; nested exception is org.springframework.beans.factory.NoSuchBeanDefinitionException: No qualifying bean of type 'cn.matthew.infrastructure.persistent.dao.IStrategyRuleDao' available: expected at least 1 bean which qualifies as autowire candidate. Dependency annotations: {@javax.annotation.Resource(shareable=true, lookup=, name=, description=, authenticationType=CONTAINER, type=class java.lang.Object, mappedName=)}
	at org.springframework.context.annotation.CommonAnnotationBeanPostProcessor.postProcessProperties(CommonAnnotationBeanPostProcessor.java:332)
	at org.springframework.beans.factory.support.AbstractAutowireCapableBeanFactory.populateBean(AbstractAutowireCapableBeanFactory.java:1431)
	at org.springframework.beans.factory.support.AbstractAutowireCapableBeanFactory.doCreateBean(AbstractAutowireCapableBeanFactory.java:619)
	at org.springframework.beans.factory.support.AbstractAutowireCapableBeanFactory.createBean(AbstractAutowireCapableBeanFactory.java:542)
	at org.springframework.beans.factory.support.AbstractBeanFactory.lambda$doGetBean$0(AbstractBeanFactory.java:335)
	at org.springframework.beans.factory.support.DefaultSingletonBeanRegistry.getSingleton(DefaultSingletonBeanRegistry.java:234)
	at org.springframework.beans.factory.support.AbstractBeanFactory.doGetBean(AbstractBeanFactory.java:333)
	at org.springframework.beans.factory.support.AbstractBeanFactory.getBean(AbstractBeanFactory.java:208)
	at org.springframework.beans.factory.config.DependencyDescriptor.resolveCandidate(DependencyDescriptor.java:276)
	at org.springframework.beans.factory.support.DefaultListableBeanFactory.doResolveDependency(DefaultListableBeanFactory.java:1391)
	at org.springframework.beans.factory.support.DefaultListableBeanFactory.resolveDependency(DefaultListableBeanFactory.java:1311)
	at org.springframework.context.annotation.CommonAnnotationBeanPostProcessor.autowireResource(CommonAnnotationBeanPostProcessor.java:544)
	at org.springframework.context.annotation.CommonAnnotationBeanPostProcessor.getResource(CommonAnnotationBeanPostProcessor.java:520)
	at org.springframework.context.annotation.CommonAnnotationBeanPostProcessor$ResourceElement.getResourceToInject(CommonAnnotationBeanPostProcessor.java:673)
	at org.springframework.beans.factory.annotation.InjectionMetadata$InjectedElement.inject(InjectionMetadata.java:228)
	at org.springframework.beans.factory.annotation.InjectionMetadata.inject(InjectionMetadata.java:119)
	at org.springframework.context.annotation.CommonAnnotationBeanPostProcessor.postProcessProperties(CommonAnnotationBeanPostProcessor.java:329)
	... 43 common frames omitted
Caused by: org.springframework.beans.factory.NoSuchBeanDefinitionException: No qualifying bean of type 'cn.matthew.infrastructure.persistent.dao.IStrategyRuleDao' available: expected at least 1 bean which qualifies as autowire candidate. Dependency annotations: {@javax.annotation.Resource(shareable=true, lookup=, name=, description=, authenticationType=CONTAINER, type=class java.lang.Object, mappedName=)}
	at org.springframework.beans.factory.support.DefaultListableBeanFactory.raiseNoMatchingBeanFound(DefaultListableBeanFactory.java:1801)
	at org.springframework.beans.factory.support.DefaultListableBeanFactory.doResolveDependency(DefaultListableBeanFactory.java:1357)
	at org.springframework.beans.factory.support.DefaultListableBeanFactory.resolveDependency(DefaultListableBeanFactory.java:1311)
	at org.springframework.context.annotation.CommonAnnotationBeanPostProcessor.autowireResource(CommonAnnotationBeanPostProcessor.java:544)
	at org.springframework.context.annotation.CommonAnnotationBeanPostProcessor.getResource(CommonAnnotationBeanPostProcessor.java:520)
	at org.springframework.context.annotation.CommonAnnotationBeanPostProcessor$ResourceElement.getResourceToInject(CommonAnnotationBeanPostProcessor.java:673)
	at org.springframework.beans.factory.annotation.InjectionMetadata$InjectedElement.inject(InjectionMetadata.java:228)
	at org.springframework.beans.factory.annotation.InjectionMetadata.inject(InjectionMetadata.java:119)
	at org.springframework.context.annotation.CommonAnnotationBeanPostProcessor.postProcessProperties(CommonAnnotationBeanPostProcessor.java:329)
	... 59 common frames omitted
24-03-19.20:22:35.690 [main            ] INFO  StrategyDaoTest        - Starting StrategyDaoTest using Java 1.8.0_402 on MatthewdeMacBook-Air.local with PID 83322 (started by matthew in /Users/matthew/Desktop/Marketing system/Marketing-system-app)
24-03-19.20:22:35.690 [main            ] INFO  StrategyDaoTest        - The following 1 profile is active: "dev"
24-03-19.20:22:36.158 [main            ] INFO  RepositoryConfigurationDelegate - Multiple Spring Data modules found, entering strict repository configuration mode
24-03-19.20:22:36.159 [main            ] INFO  RepositoryConfigurationDelegate - Bootstrapping Spring Data Redis repositories in DEFAULT mode.
24-03-19.20:22:36.173 [main            ] INFO  RepositoryConfigurationDelegate - Finished Spring Data repository scanning in 5 ms. Found 0 Redis repository interfaces.
24-03-19.20:22:36.955 [main            ] INFO  Version                - Redisson 3.26.0
24-03-19.20:22:37.011 [main            ] WARN  DnsServerAddressStreamProviders - Can not find io.netty.resolver.dns.macos.MacOSDnsServerAddressStreamProvider in the classpath, fallback to system defaults. This may result in incorrect DNS resolutions on MacOS. Check whether you have a dependency on 'io.netty:netty-resolver-dns-native-macos'
24-03-19.20:22:37.184 [redisson-netty-1-4] INFO  ConnectionsHolder      - 1 connections initialized for 127.0.0.1/127.0.0.1:16379
24-03-19.20:22:37.207 [redisson-netty-1-13] INFO  ConnectionsHolder      - 5 connections initialized for 127.0.0.1/127.0.0.1:16379
24-03-19.20:22:38.246 [main            ] INFO  EndpointLinksResolver  - Exposing 1 endpoint(s) beneath base path '/actuator'
24-03-19.20:22:38.291 [main            ] INFO  StrategyDaoTest        - Started StrategyDaoTest in 2.815 seconds (JVM running for 3.319)
24-03-19.20:22:38.598 [main            ] INFO  HikariDataSource       - HikariPool-1 - Starting...
24-03-19.20:22:38.846 [main            ] INFO  HikariDataSource       - HikariPool-1 - Start completed.
24-03-19.20:22:38.914 [SpringApplicationShutdownHook] INFO  HikariDataSource       - HikariPool-1 - Shutdown initiated...
24-03-19.20:22:38.917 [SpringApplicationShutdownHook] INFO  HikariDataSource       - HikariPool-1 - Shutdown completed.
24-03-19.20:27:05.607 [main            ] INFO  StrategyDaoTest        - Starting StrategyDaoTest using Java 1.8.0_402 on MatthewdeMacBook-Air.local with PID 85275 (started by matthew in /Users/matthew/Desktop/Marketing system/Marketing-system-app)
24-03-19.20:27:05.608 [main            ] INFO  StrategyDaoTest        - The following 1 profile is active: "dev"
24-03-19.20:27:06.140 [main            ] INFO  RepositoryConfigurationDelegate - Multiple Spring Data modules found, entering strict repository configuration mode
24-03-19.20:27:06.142 [main            ] INFO  RepositoryConfigurationDelegate - Bootstrapping Spring Data Redis repositories in DEFAULT mode.
24-03-19.20:27:06.166 [main            ] INFO  RepositoryConfigurationDelegate - Finished Spring Data repository scanning in 8 ms. Found 0 Redis repository interfaces.
24-03-19.20:27:06.988 [main            ] INFO  Version                - Redisson 3.26.0
24-03-19.20:27:07.046 [main            ] WARN  DnsServerAddressStreamProviders - Can not find io.netty.resolver.dns.macos.MacOSDnsServerAddressStreamProvider in the classpath, fallback to system defaults. This may result in incorrect DNS resolutions on MacOS. Check whether you have a dependency on 'io.netty:netty-resolver-dns-native-macos'
24-03-19.20:27:07.221 [redisson-netty-1-4] INFO  ConnectionsHolder      - 1 connections initialized for 127.0.0.1/127.0.0.1:16379
24-03-19.20:27:07.238 [redisson-netty-1-13] INFO  ConnectionsHolder      - 5 connections initialized for 127.0.0.1/127.0.0.1:16379
24-03-19.20:27:08.296 [main            ] INFO  EndpointLinksResolver  - Exposing 1 endpoint(s) beneath base path '/actuator'
24-03-19.20:27:08.336 [main            ] INFO  StrategyDaoTest        - Started StrategyDaoTest in 2.98 seconds (JVM running for 3.927)
24-03-19.20:27:08.648 [main            ] INFO  HikariDataSource       - HikariPool-1 - Starting...
24-03-19.20:27:08.892 [main            ] INFO  HikariDataSource       - HikariPool-1 - Start completed.
24-03-19.20:27:08.978 [SpringApplicationShutdownHook] INFO  HikariDataSource       - HikariPool-1 - Shutdown initiated...
24-03-19.20:27:08.980 [SpringApplicationShutdownHook] INFO  HikariDataSource       - HikariPool-1 - Shutdown completed.
24-03-19.20:27:50.580 [main            ] INFO  StrategyDaoTest        - Starting StrategyDaoTest using Java 1.8.0_402 on MatthewdeMacBook-Air.local with PID 85602 (started by matthew in /Users/matthew/Desktop/Marketing system/Marketing-system-app)
24-03-19.20:27:50.580 [main            ] INFO  StrategyDaoTest        - The following 1 profile is active: "dev"
24-03-19.20:27:51.080 [main            ] INFO  RepositoryConfigurationDelegate - Multiple Spring Data modules found, entering strict repository configuration mode
24-03-19.20:27:51.082 [main            ] INFO  RepositoryConfigurationDelegate - Bootstrapping Spring Data Redis repositories in DEFAULT mode.
24-03-19.20:27:51.106 [main            ] INFO  RepositoryConfigurationDelegate - Finished Spring Data repository scanning in 14 ms. Found 0 Redis repository interfaces.
24-03-19.20:27:51.928 [main            ] INFO  Version                - Redisson 3.26.0
24-03-19.20:27:51.989 [main            ] WARN  DnsServerAddressStreamProviders - Can not find io.netty.resolver.dns.macos.MacOSDnsServerAddressStreamProvider in the classpath, fallback to system defaults. This may result in incorrect DNS resolutions on MacOS. Check whether you have a dependency on 'io.netty:netty-resolver-dns-native-macos'
24-03-19.20:27:52.165 [redisson-netty-1-4] INFO  ConnectionsHolder      - 1 connections initialized for 127.0.0.1/127.0.0.1:16379
24-03-19.20:27:52.179 [redisson-netty-1-13] INFO  ConnectionsHolder      - 5 connections initialized for 127.0.0.1/127.0.0.1:16379
24-03-19.20:27:53.141 [main            ] INFO  EndpointLinksResolver  - Exposing 1 endpoint(s) beneath base path '/actuator'
24-03-19.20:27:53.182 [main            ] INFO  StrategyDaoTest        - Started StrategyDaoTest in 2.844 seconds (JVM running for 3.687)
24-03-19.20:28:02.745 [main            ] INFO  HikariDataSource       - HikariPool-1 - Starting...
24-03-19.20:28:04.039 [main            ] INFO  HikariDataSource       - HikariPool-1 - Start completed.
24-03-19.20:28:14.173 [SpringApplicationShutdownHook] INFO  HikariDataSource       - HikariPool-1 - Shutdown initiated...
24-03-19.20:28:14.192 [SpringApplicationShutdownHook] INFO  HikariDataSource       - HikariPool-1 - Shutdown completed.
24-03-19.20:29:21.776 [main            ] INFO  StrategyDaoTest        - Starting StrategyDaoTest using Java 1.8.0_402 on MatthewdeMacBook-Air.local with PID 86282 (started by matthew in /Users/matthew/Desktop/Marketing system/Marketing-system-app)
24-03-19.20:29:21.776 [main            ] INFO  StrategyDaoTest        - The following 1 profile is active: "dev"
24-03-19.20:29:22.241 [main            ] INFO  RepositoryConfigurationDelegate - Multiple Spring Data modules found, entering strict repository configuration mode
24-03-19.20:29:22.242 [main            ] INFO  RepositoryConfigurationDelegate - Bootstrapping Spring Data Redis repositories in DEFAULT mode.
24-03-19.20:29:22.262 [main            ] INFO  RepositoryConfigurationDelegate - Finished Spring Data repository scanning in 5 ms. Found 0 Redis repository interfaces.
24-03-19.20:29:23.048 [main            ] INFO  Version                - Redisson 3.26.0
24-03-19.20:29:23.114 [main            ] WARN  DnsServerAddressStreamProviders - Can not find io.netty.resolver.dns.macos.MacOSDnsServerAddressStreamProvider in the classpath, fallback to system defaults. This may result in incorrect DNS resolutions on MacOS. Check whether you have a dependency on 'io.netty:netty-resolver-dns-native-macos'
24-03-19.20:29:23.264 [redisson-netty-1-4] INFO  ConnectionsHolder      - 1 connections initialized for 127.0.0.1/127.0.0.1:16379
24-03-19.20:29:23.275 [redisson-netty-1-13] INFO  ConnectionsHolder      - 5 connections initialized for 127.0.0.1/127.0.0.1:16379
24-03-19.20:29:24.166 [main            ] INFO  EndpointLinksResolver  - Exposing 1 endpoint(s) beneath base path '/actuator'
24-03-19.20:29:24.211 [main            ] INFO  StrategyDaoTest        - Started StrategyDaoTest in 2.677 seconds (JVM running for 3.284)
24-03-19.20:29:28.128 [main            ] INFO  HikariDataSource       - HikariPool-1 - Starting...
24-03-19.20:29:29.538 [main            ] INFO  HikariDataSource       - HikariPool-1 - Start completed.
24-03-19.20:29:39.615 [SpringApplicationShutdownHook] INFO  HikariDataSource       - HikariPool-1 - Shutdown initiated...
24-03-19.20:29:39.639 [SpringApplicationShutdownHook] INFO  HikariDataSource       - HikariPool-1 - Shutdown completed.
24-03-19.20:31:02.227 [main            ] INFO  StrategyDaoTest        - Starting StrategyDaoTest using Java 1.8.0_402 on MatthewdeMacBook-Air.local with PID 87005 (started by matthew in /Users/matthew/Desktop/Marketing system/Marketing-system-app)
24-03-19.20:31:02.228 [main            ] INFO  StrategyDaoTest        - The following 1 profile is active: "dev"
24-03-19.20:31:02.705 [main            ] INFO  RepositoryConfigurationDelegate - Multiple Spring Data modules found, entering strict repository configuration mode
24-03-19.20:31:02.706 [main            ] INFO  RepositoryConfigurationDelegate - Bootstrapping Spring Data Redis repositories in DEFAULT mode.
24-03-19.20:31:02.726 [main            ] INFO  RepositoryConfigurationDelegate - Finished Spring Data repository scanning in 8 ms. Found 0 Redis repository interfaces.
24-03-19.20:31:03.457 [main            ] INFO  Version                - Redisson 3.26.0
24-03-19.20:31:03.536 [main            ] WARN  DnsServerAddressStreamProviders - Can not find io.netty.resolver.dns.macos.MacOSDnsServerAddressStreamProvider in the classpath, fallback to system defaults. This may result in incorrect DNS resolutions on MacOS. Check whether you have a dependency on 'io.netty:netty-resolver-dns-native-macos'
24-03-19.20:31:03.691 [redisson-netty-1-4] INFO  ConnectionsHolder      - 1 connections initialized for 127.0.0.1/127.0.0.1:16379
24-03-19.20:31:03.699 [redisson-netty-1-13] INFO  ConnectionsHolder      - 5 connections initialized for 127.0.0.1/127.0.0.1:16379
24-03-19.20:31:04.591 [main            ] INFO  EndpointLinksResolver  - Exposing 1 endpoint(s) beneath base path '/actuator'
24-03-19.20:31:04.629 [main            ] INFO  StrategyDaoTest        - Started StrategyDaoTest in 2.663 seconds (JVM running for 3.431)
24-03-19.20:31:07.620 [main            ] INFO  HikariDataSource       - HikariPool-1 - Starting...
24-03-19.20:31:08.981 [main            ] INFO  HikariDataSource       - HikariPool-1 - Start completed.
24-03-19.20:31:17.705 [SpringApplicationShutdownHook] INFO  HikariDataSource       - HikariPool-1 - Shutdown initiated...
24-03-19.20:31:17.726 [SpringApplicationShutdownHook] INFO  HikariDataSource       - HikariPool-1 - Shutdown completed.
24-03-19.20:31:25.464 [main            ] INFO  StrategyDaoTest        - Starting StrategyDaoTest using Java 1.8.0_402 on MatthewdeMacBook-Air.local with PID 87177 (started by matthew in /Users/matthew/Desktop/Marketing system/Marketing-system-app)
24-03-19.20:31:25.465 [main            ] INFO  StrategyDaoTest        - The following 1 profile is active: "dev"
24-03-19.20:31:25.977 [main            ] INFO  RepositoryConfigurationDelegate - Multiple Spring Data modules found, entering strict repository configuration mode
24-03-19.20:31:25.979 [main            ] INFO  RepositoryConfigurationDelegate - Bootstrapping Spring Data Redis repositories in DEFAULT mode.
24-03-19.20:31:25.997 [main            ] INFO  RepositoryConfigurationDelegate - Finished Spring Data repository scanning in 8 ms. Found 0 Redis repository interfaces.
24-03-19.20:31:26.626 [main            ] INFO  Version                - Redisson 3.26.0
24-03-19.20:31:26.673 [main            ] WARN  DnsServerAddressStreamProviders - Can not find io.netty.resolver.dns.macos.MacOSDnsServerAddressStreamProvider in the classpath, fallback to system defaults. This may result in incorrect DNS resolutions on MacOS. Check whether you have a dependency on 'io.netty:netty-resolver-dns-native-macos'
24-03-19.20:31:26.816 [redisson-netty-1-4] INFO  ConnectionsHolder      - 1 connections initialized for 127.0.0.1/127.0.0.1:16379
24-03-19.20:31:26.829 [redisson-netty-1-13] INFO  ConnectionsHolder      - 5 connections initialized for 127.0.0.1/127.0.0.1:16379
24-03-19.20:31:27.612 [main            ] INFO  EndpointLinksResolver  - Exposing 1 endpoint(s) beneath base path '/actuator'
24-03-19.20:31:27.644 [main            ] INFO  StrategyDaoTest        - Started StrategyDaoTest in 2.627 seconds (JVM running for 3.165)
24-03-19.20:31:27.890 [main            ] INFO  HikariDataSource       - HikariPool-1 - Starting...
24-03-19.20:31:28.081 [main            ] INFO  HikariDataSource       - HikariPool-1 - Start completed.
24-03-19.20:31:28.166 [SpringApplicationShutdownHook] INFO  HikariDataSource       - HikariPool-1 - Shutdown initiated...
24-03-19.20:31:28.170 [SpringApplicationShutdownHook] INFO  HikariDataSource       - HikariPool-1 - Shutdown completed.
24-03-19.20:35:59.358 [main            ] INFO  StrategyDaoTest        - Starting StrategyDaoTest using Java 1.8.0_402 on MatthewdeMacBook-Air.local with PID 89304 (started by matthew in /Users/matthew/Desktop/Marketing system/Marketing-system-app)
24-03-19.20:35:59.363 [main            ] INFO  StrategyDaoTest        - The following 1 profile is active: "dev"
24-03-19.20:35:59.916 [main            ] INFO  RepositoryConfigurationDelegate - Multiple Spring Data modules found, entering strict repository configuration mode
24-03-19.20:35:59.919 [main            ] INFO  RepositoryConfigurationDelegate - Bootstrapping Spring Data Redis repositories in DEFAULT mode.
24-03-19.20:35:59.942 [main            ] INFO  RepositoryConfigurationDelegate - Finished Spring Data repository scanning in 12 ms. Found 0 Redis repository interfaces.
24-03-19.20:36:00.657 [main            ] INFO  Version                - Redisson 3.26.0
24-03-19.20:36:00.710 [main            ] WARN  DnsServerAddressStreamProviders - Can not find io.netty.resolver.dns.macos.MacOSDnsServerAddressStreamProvider in the classpath, fallback to system defaults. This may result in incorrect DNS resolutions on MacOS. Check whether you have a dependency on 'io.netty:netty-resolver-dns-native-macos'
24-03-19.20:36:00.856 [redisson-netty-1-4] INFO  ConnectionsHolder      - 1 connections initialized for 127.0.0.1/127.0.0.1:16379
24-03-19.20:36:00.880 [redisson-netty-1-13] INFO  ConnectionsHolder      - 5 connections initialized for 127.0.0.1/127.0.0.1:16379
24-03-19.20:36:01.792 [main            ] INFO  EndpointLinksResolver  - Exposing 1 endpoint(s) beneath base path '/actuator'
24-03-19.20:36:01.829 [main            ] INFO  StrategyDaoTest        - Started StrategyDaoTest in 2.729 seconds (JVM running for 3.526)
24-03-19.20:36:10.360 [main            ] INFO  HikariDataSource       - HikariPool-1 - Starting...
24-03-19.20:36:11.975 [main            ] INFO  StrategyDaoTest        - Starting StrategyDaoTest using Java 1.8.0_402 on MatthewdeMacBook-Air.local with PID 89403 (started by matthew in /Users/matthew/Desktop/Marketing system/Marketing-system-app)
24-03-19.20:36:11.976 [main            ] INFO  StrategyDaoTest        - The following 1 profile is active: "dev"
24-03-19.20:36:12.434 [main            ] INFO  RepositoryConfigurationDelegate - Multiple Spring Data modules found, entering strict repository configuration mode
24-03-19.20:36:12.436 [main            ] INFO  RepositoryConfigurationDelegate - Bootstrapping Spring Data Redis repositories in DEFAULT mode.
24-03-19.20:36:12.453 [main            ] INFO  RepositoryConfigurationDelegate - Finished Spring Data repository scanning in 5 ms. Found 0 Redis repository interfaces.
24-03-19.20:36:13.127 [main            ] INFO  Version                - Redisson 3.26.0
24-03-19.20:36:13.179 [main            ] WARN  DnsServerAddressStreamProviders - Can not find io.netty.resolver.dns.macos.MacOSDnsServerAddressStreamProvider in the classpath, fallback to system defaults. This may result in incorrect DNS resolutions on MacOS. Check whether you have a dependency on 'io.netty:netty-resolver-dns-native-macos'
24-03-19.20:36:13.324 [redisson-netty-1-4] INFO  ConnectionsHolder      - 1 connections initialized for 127.0.0.1/127.0.0.1:16379
24-03-19.20:36:13.336 [redisson-netty-1-13] INFO  ConnectionsHolder      - 5 connections initialized for 127.0.0.1/127.0.0.1:16379
24-03-19.20:36:14.247 [main            ] INFO  EndpointLinksResolver  - Exposing 1 endpoint(s) beneath base path '/actuator'
24-03-19.20:36:14.289 [main            ] INFO  StrategyDaoTest        - Started StrategyDaoTest in 2.551 seconds (JVM running for 3.232)
24-03-19.20:36:14.570 [main            ] INFO  HikariDataSource       - HikariPool-1 - Starting...
24-03-19.20:36:14.779 [main            ] INFO  HikariDataSource       - HikariPool-1 - Start completed.
24-03-19.20:36:14.823 [main            ] INFO  StrategyDaoTest        - 奖品ID是101
24-03-19.20:36:14.845 [SpringApplicationShutdownHook] INFO  HikariDataSource       - HikariPool-1 - Shutdown initiated...
24-03-19.20:36:14.847 [SpringApplicationShutdownHook] INFO  HikariDataSource       - HikariPool-1 - Shutdown completed.
24-03-19.21:06:58.194 [main            ] INFO  StrategyDaoTest        - Starting StrategyDaoTest using Java 1.8.0_402 on MatthewdeMacBook-Air.local with PID 3039 (started by matthew in /Users/matthew/Desktop/Marketing system/Marketing-system-app)
24-03-19.21:06:58.194 [main            ] INFO  StrategyDaoTest        - The following 1 profile is active: "dev"
24-03-19.21:06:58.702 [main            ] INFO  RepositoryConfigurationDelegate - Multiple Spring Data modules found, entering strict repository configuration mode
24-03-19.21:06:58.703 [main            ] INFO  RepositoryConfigurationDelegate - Bootstrapping Spring Data Redis repositories in DEFAULT mode.
24-03-19.21:06:58.719 [main            ] INFO  RepositoryConfigurationDelegate - Finished Spring Data repository scanning in 5 ms. Found 0 Redis repository interfaces.
24-03-19.21:06:59.432 [main            ] INFO  Version                - Redisson 3.26.0
24-03-19.21:06:59.510 [main            ] WARN  DnsServerAddressStreamProviders - Can not find io.netty.resolver.dns.macos.MacOSDnsServerAddressStreamProvider in the classpath, fallback to system defaults. This may result in incorrect DNS resolutions on MacOS. Check whether you have a dependency on 'io.netty:netty-resolver-dns-native-macos'
24-03-19.21:06:59.674 [redisson-netty-1-4] INFO  ConnectionsHolder      - 1 connections initialized for 127.0.0.1/127.0.0.1:16379
24-03-19.21:06:59.683 [redisson-netty-1-13] INFO  ConnectionsHolder      - 5 connections initialized for 127.0.0.1/127.0.0.1:16379
24-03-19.21:07:00.552 [main            ] INFO  EndpointLinksResolver  - Exposing 1 endpoint(s) beneath base path '/actuator'
24-03-19.21:07:00.585 [main            ] INFO  StrategyDaoTest        - Started StrategyDaoTest in 2.615 seconds (JVM running for 3.048)
24-03-19.21:07:00.826 [main            ] INFO  HikariDataSource       - HikariPool-1 - Starting...
24-03-19.21:07:01.021 [main            ] INFO  HikariDataSource       - HikariPool-1 - Start completed.
24-03-19.21:07:01.199 [main            ] INFO  StrategyDaoTest        - 奖品ID是103
24-03-19.21:07:01.233 [SpringApplicationShutdownHook] INFO  HikariDataSource       - HikariPool-1 - Shutdown initiated...
24-03-19.21:07:01.248 [SpringApplicationShutdownHook] INFO  HikariDataSource       - HikariPool-1 - Shutdown completed.
24-03-19.21:10:19.165 [main            ] INFO  StrategyDaoTest        - Starting StrategyDaoTest using Java 1.8.0_402 on MatthewdeMacBook-Air.local with PID 4554 (started by matthew in /Users/matthew/Desktop/Marketing system/Marketing-system-app)
24-03-19.21:10:19.166 [main            ] INFO  StrategyDaoTest        - The following 1 profile is active: "dev"
24-03-19.21:10:19.608 [main            ] INFO  RepositoryConfigurationDelegate - Multiple Spring Data modules found, entering strict repository configuration mode
24-03-19.21:10:19.610 [main            ] INFO  RepositoryConfigurationDelegate - Bootstrapping Spring Data Redis repositories in DEFAULT mode.
24-03-19.21:10:19.625 [main            ] INFO  RepositoryConfigurationDelegate - Finished Spring Data repository scanning in 6 ms. Found 0 Redis repository interfaces.
24-03-19.21:10:20.360 [main            ] INFO  Version                - Redisson 3.26.0
24-03-19.21:10:20.404 [main            ] WARN  DnsServerAddressStreamProviders - Can not find io.netty.resolver.dns.macos.MacOSDnsServerAddressStreamProvider in the classpath, fallback to system defaults. This may result in incorrect DNS resolutions on MacOS. Check whether you have a dependency on 'io.netty:netty-resolver-dns-native-macos'
24-03-19.21:10:20.543 [redisson-netty-1-5] INFO  ConnectionsHolder      - 1 connections initialized for 127.0.0.1/127.0.0.1:16379
24-03-19.21:10:20.553 [redisson-netty-1-13] INFO  ConnectionsHolder      - 5 connections initialized for 127.0.0.1/127.0.0.1:16379
24-03-19.21:10:21.330 [main            ] INFO  EndpointLinksResolver  - Exposing 1 endpoint(s) beneath base path '/actuator'
24-03-19.21:10:21.373 [main            ] INFO  StrategyDaoTest        - Started StrategyDaoTest in 2.43 seconds (JVM running for 2.864)
24-03-19.21:10:21.603 [main            ] INFO  HikariDataSource       - HikariPool-1 - Starting...
24-03-19.21:10:21.806 [main            ] INFO  HikariDataSource       - HikariPool-1 - Start completed.
24-03-19.21:10:21.884 [main            ] INFO  StrategyDaoTest        - 奖品ID是null
24-03-19.21:10:21.905 [SpringApplicationShutdownHook] INFO  HikariDataSource       - HikariPool-1 - Shutdown initiated...
24-03-19.21:10:21.908 [SpringApplicationShutdownHook] INFO  HikariDataSource       - HikariPool-1 - Shutdown completed.
24-03-19.21:16:33.177 [main            ] INFO  StrategyDaoTest        - Starting StrategyDaoTest using Java 1.8.0_402 on MatthewdeMacBook-Air.local with PID 7342 (started by matthew in /Users/matthew/Desktop/Marketing system/Marketing-system-app)
24-03-19.21:16:33.178 [main            ] INFO  StrategyDaoTest        - The following 1 profile is active: "dev"
24-03-19.21:16:33.717 [main            ] INFO  RepositoryConfigurationDelegate - Multiple Spring Data modules found, entering strict repository configuration mode
24-03-19.21:16:33.719 [main            ] INFO  RepositoryConfigurationDelegate - Bootstrapping Spring Data Redis repositories in DEFAULT mode.
24-03-19.21:16:33.744 [main            ] INFO  RepositoryConfigurationDelegate - Finished Spring Data repository scanning in 8 ms. Found 0 Redis repository interfaces.
24-03-19.21:16:34.595 [main            ] INFO  Version                - Redisson 3.26.0
24-03-19.21:16:34.651 [main            ] WARN  DnsServerAddressStreamProviders - Can not find io.netty.resolver.dns.macos.MacOSDnsServerAddressStreamProvider in the classpath, fallback to system defaults. This may result in incorrect DNS resolutions on MacOS. Check whether you have a dependency on 'io.netty:netty-resolver-dns-native-macos'
24-03-19.21:16:34.840 [redisson-netty-1-5] INFO  ConnectionsHolder      - 1 connections initialized for 127.0.0.1/127.0.0.1:16379
24-03-19.21:16:34.854 [redisson-netty-1-13] INFO  ConnectionsHolder      - 5 connections initialized for 127.0.0.1/127.0.0.1:16379
24-03-19.21:16:35.845 [main            ] INFO  EndpointLinksResolver  - Exposing 1 endpoint(s) beneath base path '/actuator'
24-03-19.21:16:35.895 [main            ] INFO  StrategyDaoTest        - Started StrategyDaoTest in 2.985 seconds (JVM running for 3.772)
24-03-19.21:16:36.243 [main            ] INFO  HikariDataSource       - HikariPool-1 - Starting...
24-03-19.21:16:36.485 [main            ] INFO  HikariDataSource       - HikariPool-1 - Start completed.
24-03-19.21:18:04.893 [HikariPool-1 housekeeper] WARN  HikariPool             - HikariPool-1 - Thread starvation or clock leap detected (housekeeper delta=1m17s951ms).
24-03-19.21:18:14.013 [main            ] INFO  StrategyDaoTest        - 奖品ID是null
24-03-19.21:18:14.061 [SpringApplicationShutdownHook] INFO  HikariDataSource       - HikariPool-1 - Shutdown initiated...
24-03-19.21:18:14.081 [SpringApplicationShutdownHook] INFO  HikariDataSource       - HikariPool-1 - Shutdown completed.
24-03-19.21:18:24.452 [main            ] INFO  StrategyDaoTest        - Starting StrategyDaoTest using Java 1.8.0_402 on MatthewdeMacBook-Air.local with PID 8165 (started by matthew in /Users/matthew/Desktop/Marketing system/Marketing-system-app)
24-03-19.21:18:24.453 [main            ] INFO  StrategyDaoTest        - The following 1 profile is active: "dev"
24-03-19.21:18:24.957 [main            ] INFO  RepositoryConfigurationDelegate - Multiple Spring Data modules found, entering strict repository configuration mode
24-03-19.21:18:24.959 [main            ] INFO  RepositoryConfigurationDelegate - Bootstrapping Spring Data Redis repositories in DEFAULT mode.
24-03-19.21:18:24.981 [main            ] INFO  RepositoryConfigurationDelegate - Finished Spring Data repository scanning in 6 ms. Found 0 Redis repository interfaces.
24-03-19.21:18:25.770 [main            ] INFO  Version                - Redisson 3.26.0
24-03-19.21:18:25.818 [main            ] WARN  DnsServerAddressStreamProviders - Can not find io.netty.resolver.dns.macos.MacOSDnsServerAddressStreamProvider in the classpath, fallback to system defaults. This may result in incorrect DNS resolutions on MacOS. Check whether you have a dependency on 'io.netty:netty-resolver-dns-native-macos'
24-03-19.21:18:25.980 [redisson-netty-1-4] INFO  ConnectionsHolder      - 1 connections initialized for 127.0.0.1/127.0.0.1:16379
24-03-19.21:18:26.002 [redisson-netty-1-13] INFO  ConnectionsHolder      - 5 connections initialized for 127.0.0.1/127.0.0.1:16379
24-03-19.21:18:27.112 [main            ] INFO  EndpointLinksResolver  - Exposing 1 endpoint(s) beneath base path '/actuator'
24-03-19.21:18:27.156 [main            ] INFO  StrategyDaoTest        - Started StrategyDaoTest in 2.969 seconds (JVM running for 3.684)
24-03-19.21:18:27.484 [main            ] INFO  HikariDataSource       - HikariPool-1 - Starting...
24-03-19.21:18:27.719 [main            ] INFO  HikariDataSource       - HikariPool-1 - Start completed.
24-03-19.21:19:15.072 [HikariPool-1 housekeeper] WARN  HikariPool             - HikariPool-1 - Thread starvation or clock leap detected (housekeeper delta=45s314ms).
24-03-19.21:19:40.941 [main            ] INFO  StrategyDaoTest        - 奖品ID是null
24-03-19.21:19:41.005 [SpringApplicationShutdownHook] INFO  HikariDataSource       - HikariPool-1 - Shutdown initiated...
24-03-19.21:19:41.017 [SpringApplicationShutdownHook] INFO  HikariDataSource       - HikariPool-1 - Shutdown completed.
24-03-19.21:19:46.757 [main            ] INFO  StrategyDaoTest        - Starting StrategyDaoTest using Java 1.8.0_402 on MatthewdeMacBook-Air.local with PID 8781 (started by matthew in /Users/matthew/Desktop/Marketing system/Marketing-system-app)
24-03-19.21:19:46.777 [main            ] INFO  StrategyDaoTest        - The following 1 profile is active: "dev"
24-03-19.21:19:47.292 [main            ] INFO  RepositoryConfigurationDelegate - Multiple Spring Data modules found, entering strict repository configuration mode
24-03-19.21:19:47.294 [main            ] INFO  RepositoryConfigurationDelegate - Bootstrapping Spring Data Redis repositories in DEFAULT mode.
24-03-19.21:19:47.311 [main            ] INFO  RepositoryConfigurationDelegate - Finished Spring Data repository scanning in 9 ms. Found 0 Redis repository interfaces.
24-03-19.21:19:48.015 [main            ] INFO  Version                - Redisson 3.26.0
24-03-19.21:19:48.075 [main            ] WARN  DnsServerAddressStreamProviders - Can not find io.netty.resolver.dns.macos.MacOSDnsServerAddressStreamProvider in the classpath, fallback to system defaults. This may result in incorrect DNS resolutions on MacOS. Check whether you have a dependency on 'io.netty:netty-resolver-dns-native-macos'
24-03-19.21:19:48.213 [redisson-netty-1-4] INFO  ConnectionsHolder      - 1 connections initialized for 127.0.0.1/127.0.0.1:16379
24-03-19.21:19:48.222 [redisson-netty-1-13] INFO  ConnectionsHolder      - 5 connections initialized for 127.0.0.1/127.0.0.1:16379
24-03-19.21:19:49.222 [main            ] INFO  EndpointLinksResolver  - Exposing 1 endpoint(s) beneath base path '/actuator'
24-03-19.21:19:49.265 [main            ] INFO  StrategyDaoTest        - Started StrategyDaoTest in 2.813 seconds (JVM running for 3.526)
24-03-19.21:21:17.417 [main            ] INFO  HikariDataSource       - HikariPool-1 - Starting...
24-03-19.21:21:18.974 [main            ] INFO  StrategyDaoTest        - Starting StrategyDaoTest using Java 1.8.0_402 on MatthewdeMacBook-Air.local with PID 9473 (started by matthew in /Users/matthew/Desktop/Marketing system/Marketing-system-app)
24-03-19.21:21:18.974 [main            ] INFO  StrategyDaoTest        - The following 1 profile is active: "dev"
24-03-19.21:21:19.431 [main            ] INFO  RepositoryConfigurationDelegate - Multiple Spring Data modules found, entering strict repository configuration mode
24-03-19.21:21:19.433 [main            ] INFO  RepositoryConfigurationDelegate - Bootstrapping Spring Data Redis repositories in DEFAULT mode.
24-03-19.21:21:19.463 [main            ] INFO  RepositoryConfigurationDelegate - Finished Spring Data repository scanning in 8 ms. Found 0 Redis repository interfaces.
24-03-19.21:21:20.138 [main            ] INFO  Version                - Redisson 3.26.0
24-03-19.21:21:20.193 [main            ] WARN  DnsServerAddressStreamProviders - Can not find io.netty.resolver.dns.macos.MacOSDnsServerAddressStreamProvider in the classpath, fallback to system defaults. This may result in incorrect DNS resolutions on MacOS. Check whether you have a dependency on 'io.netty:netty-resolver-dns-native-macos'
24-03-19.21:21:20.333 [redisson-netty-1-4] INFO  ConnectionsHolder      - 1 connections initialized for 127.0.0.1/127.0.0.1:16379
24-03-19.21:21:20.342 [redisson-netty-1-13] INFO  ConnectionsHolder      - 5 connections initialized for 127.0.0.1/127.0.0.1:16379
24-03-19.21:21:21.217 [main            ] INFO  EndpointLinksResolver  - Exposing 1 endpoint(s) beneath base path '/actuator'
24-03-19.21:21:21.255 [main            ] INFO  StrategyDaoTest        - Started StrategyDaoTest in 2.534 seconds (JVM running for 3.178)
24-03-19.21:22:36.721 [main            ] INFO  HikariDataSource       - HikariPool-1 - Starting...
24-03-19.21:22:38.368 [main            ] INFO  StrategyDaoTest        - Starting StrategyDaoTest using Java 1.8.0_402 on MatthewdeMacBook-Air.local with PID 10063 (started by matthew in /Users/matthew/Desktop/Marketing system/Marketing-system-app)
24-03-19.21:22:38.368 [main            ] INFO  StrategyDaoTest        - The following 1 profile is active: "dev"
24-03-19.21:22:38.866 [main            ] INFO  RepositoryConfigurationDelegate - Multiple Spring Data modules found, entering strict repository configuration mode
24-03-19.21:22:38.868 [main            ] INFO  RepositoryConfigurationDelegate - Bootstrapping Spring Data Redis repositories in DEFAULT mode.
24-03-19.21:22:38.891 [main            ] INFO  RepositoryConfigurationDelegate - Finished Spring Data repository scanning in 13 ms. Found 0 Redis repository interfaces.
24-03-19.21:22:39.613 [main            ] INFO  Version                - Redisson 3.26.0
24-03-19.21:22:39.666 [main            ] WARN  DnsServerAddressStreamProviders - Can not find io.netty.resolver.dns.macos.MacOSDnsServerAddressStreamProvider in the classpath, fallback to system defaults. This may result in incorrect DNS resolutions on MacOS. Check whether you have a dependency on 'io.netty:netty-resolver-dns-native-macos'
24-03-19.21:22:39.811 [redisson-netty-1-5] INFO  ConnectionsHolder      - 1 connections initialized for 127.0.0.1/127.0.0.1:16379
24-03-19.21:22:39.821 [redisson-netty-1-13] INFO  ConnectionsHolder      - 5 connections initialized for 127.0.0.1/127.0.0.1:16379
24-03-19.21:22:40.780 [main            ] INFO  EndpointLinksResolver  - Exposing 1 endpoint(s) beneath base path '/actuator'
24-03-19.21:22:40.829 [main            ] INFO  StrategyDaoTest        - Started StrategyDaoTest in 2.744 seconds (JVM running for 3.504)
24-03-19.21:23:05.256 [main            ] INFO  HikariDataSource       - HikariPool-1 - Starting...
24-03-19.21:23:05.522 [main            ] INFO  HikariDataSource       - HikariPool-1 - Start completed.
24-03-19.21:24:45.822 [HikariPool-1 housekeeper] WARN  HikariPool             - HikariPool-1 - Thread starvation or clock leap detected (housekeeper delta=2m10s297ms).
24-03-19.21:25:41.692 [main            ] INFO  StrategyDaoTest        - 奖品ID是null
24-03-19.21:25:41.750 [SpringApplicationShutdownHook] INFO  HikariDataSource       - HikariPool-1 - Shutdown initiated...
24-03-19.21:25:41.764 [SpringApplicationShutdownHook] INFO  HikariDataSource       - HikariPool-1 - Shutdown completed.
24-03-19.21:26:11.282 [main            ] INFO  StrategyDaoTest        - Starting StrategyDaoTest using Java 1.8.0_402 on MatthewdeMacBook-Air.local with PID 11655 (started by matthew in /Users/matthew/Desktop/Marketing system/Marketing-system-app)
24-03-19.21:26:11.283 [main            ] INFO  StrategyDaoTest        - The following 1 profile is active: "dev"
24-03-19.21:26:11.778 [main            ] INFO  RepositoryConfigurationDelegate - Multiple Spring Data modules found, entering strict repository configuration mode
24-03-19.21:26:11.780 [main            ] INFO  RepositoryConfigurationDelegate - Bootstrapping Spring Data Redis repositories in DEFAULT mode.
24-03-19.21:26:11.802 [main            ] INFO  RepositoryConfigurationDelegate - Finished Spring Data repository scanning in 6 ms. Found 0 Redis repository interfaces.
24-03-19.21:26:12.555 [main            ] INFO  Version                - Redisson 3.26.0
24-03-19.21:26:12.610 [main            ] WARN  DnsServerAddressStreamProviders - Can not find io.netty.resolver.dns.macos.MacOSDnsServerAddressStreamProvider in the classpath, fallback to system defaults. This may result in incorrect DNS resolutions on MacOS. Check whether you have a dependency on 'io.netty:netty-resolver-dns-native-macos'
24-03-19.21:26:12.761 [redisson-netty-1-4] INFO  ConnectionsHolder      - 1 connections initialized for 127.0.0.1/127.0.0.1:16379
24-03-19.21:26:12.798 [redisson-netty-1-13] INFO  ConnectionsHolder      - 5 connections initialized for 127.0.0.1/127.0.0.1:16379
24-03-19.21:26:13.767 [main            ] INFO  EndpointLinksResolver  - Exposing 1 endpoint(s) beneath base path '/actuator'
24-03-19.21:26:13.807 [main            ] INFO  StrategyDaoTest        - Started StrategyDaoTest in 2.761 seconds (JVM running for 3.401)
24-03-19.21:30:14.167 [main            ] INFO  HikariDataSource       - HikariPool-1 - Starting...
24-03-19.21:31:34.367 [main            ] INFO  StrategyDaoTest        - Starting StrategyDaoTest using Java 1.8.0_402 on MatthewdeMacBook-Air.local with PID 14058 (started by matthew in /Users/matthew/Desktop/Marketing system/Marketing-system-app)
24-03-19.21:31:34.368 [main            ] INFO  StrategyDaoTest        - The following 1 profile is active: "dev"
24-03-19.21:31:34.973 [main            ] INFO  RepositoryConfigurationDelegate - Multiple Spring Data modules found, entering strict repository configuration mode
24-03-19.21:31:34.976 [main            ] INFO  RepositoryConfigurationDelegate - Bootstrapping Spring Data Redis repositories in DEFAULT mode.
24-03-19.21:31:35.006 [main            ] INFO  RepositoryConfigurationDelegate - Finished Spring Data repository scanning in 9 ms. Found 0 Redis repository interfaces.
24-03-19.21:31:35.830 [main            ] INFO  Version                - Redisson 3.26.0
24-03-19.21:31:35.889 [main            ] WARN  DnsServerAddressStreamProviders - Can not find io.netty.resolver.dns.macos.MacOSDnsServerAddressStreamProvider in the classpath, fallback to system defaults. This may result in incorrect DNS resolutions on MacOS. Check whether you have a dependency on 'io.netty:netty-resolver-dns-native-macos'
24-03-19.21:31:36.033 [redisson-netty-1-4] INFO  ConnectionsHolder      - 1 connections initialized for 127.0.0.1/127.0.0.1:16379
24-03-19.21:31:36.052 [redisson-netty-1-13] INFO  ConnectionsHolder      - 5 connections initialized for 127.0.0.1/127.0.0.1:16379
24-03-19.21:31:36.947 [main            ] INFO  EndpointLinksResolver  - Exposing 1 endpoint(s) beneath base path '/actuator'
24-03-19.21:31:36.986 [main            ] INFO  StrategyDaoTest        - Started StrategyDaoTest in 2.897 seconds (JVM running for 3.581)
24-03-19.21:31:37.236 [main            ] INFO  HikariDataSource       - HikariPool-1 - Starting...
24-03-19.21:31:37.455 [main            ] INFO  HikariDataSource       - HikariPool-1 - Start completed.
24-03-19.21:31:47.552 [main            ] INFO  StrategyDaoTest        - 奖品ID是null
24-03-19.21:31:47.623 [SpringApplicationShutdownHook] INFO  HikariDataSource       - HikariPool-1 - Shutdown initiated...
24-03-19.21:31:47.628 [SpringApplicationShutdownHook] INFO  HikariDataSource       - HikariPool-1 - Shutdown completed.
24-03-19.21:32:15.980 [main            ] INFO  StrategyDaoTest        - Starting StrategyDaoTest using Java 1.8.0_402 on MatthewdeMacBook-Air.local with PID 14378 (started by matthew in /Users/matthew/Desktop/Marketing system/Marketing-system-app)
24-03-19.21:32:15.981 [main            ] INFO  StrategyDaoTest        - The following 1 profile is active: "dev"
24-03-19.21:32:16.453 [main            ] INFO  RepositoryConfigurationDelegate - Multiple Spring Data modules found, entering strict repository configuration mode
24-03-19.21:32:16.455 [main            ] INFO  RepositoryConfigurationDelegate - Bootstrapping Spring Data Redis repositories in DEFAULT mode.
24-03-19.21:32:16.475 [main            ] INFO  RepositoryConfigurationDelegate - Finished Spring Data repository scanning in 7 ms. Found 0 Redis repository interfaces.
24-03-19.21:32:17.178 [main            ] INFO  Version                - Redisson 3.26.0
24-03-19.21:32:17.238 [main            ] WARN  DnsServerAddressStreamProviders - Can not find io.netty.resolver.dns.macos.MacOSDnsServerAddressStreamProvider in the classpath, fallback to system defaults. This may result in incorrect DNS resolutions on MacOS. Check whether you have a dependency on 'io.netty:netty-resolver-dns-native-macos'
24-03-19.21:32:17.381 [redisson-netty-1-4] INFO  ConnectionsHolder      - 1 connections initialized for 127.0.0.1/127.0.0.1:16379
24-03-19.21:32:17.391 [redisson-netty-1-13] INFO  ConnectionsHolder      - 5 connections initialized for 127.0.0.1/127.0.0.1:16379
24-03-19.21:32:18.471 [main            ] INFO  EndpointLinksResolver  - Exposing 1 endpoint(s) beneath base path '/actuator'
24-03-19.21:32:18.509 [main            ] INFO  StrategyDaoTest        - Started StrategyDaoTest in 2.776 seconds (JVM running for 3.577)
24-03-19.21:32:18.771 [main            ] INFO  HikariDataSource       - HikariPool-1 - Starting...
24-03-19.21:32:19.004 [main            ] INFO  HikariDataSource       - HikariPool-1 - Start completed.
24-03-19.21:36:43.087 [HikariPool-1 housekeeper] WARN  HikariPool             - HikariPool-1 - Thread starvation or clock leap detected (housekeeper delta=4m54s78ms).
24-03-19.21:38:39.840 [main            ] INFO  StrategyDaoTest        - 奖品ID是null
24-03-19.21:38:39.898 [SpringApplicationShutdownHook] INFO  HikariDataSource       - HikariPool-1 - Shutdown initiated...
24-03-19.21:38:39.916 [SpringApplicationShutdownHook] INFO  HikariDataSource       - HikariPool-1 - Shutdown completed.
24-03-19.21:39:43.436 [main            ] INFO  StrategyDaoTest        - Starting StrategyDaoTest using Java 1.8.0_402 on MatthewdeMacBook-Air.local with PID 17802 (started by matthew in /Users/matthew/Desktop/Marketing system/Marketing-system-app)
24-03-19.21:39:43.437 [main            ] INFO  StrategyDaoTest        - The following 1 profile is active: "dev"
24-03-19.21:39:43.920 [main            ] INFO  RepositoryConfigurationDelegate - Multiple Spring Data modules found, entering strict repository configuration mode
24-03-19.21:39:43.922 [main            ] INFO  RepositoryConfigurationDelegate - Bootstrapping Spring Data Redis repositories in DEFAULT mode.
24-03-19.21:39:43.941 [main            ] INFO  RepositoryConfigurationDelegate - Finished Spring Data repository scanning in 5 ms. Found 0 Redis repository interfaces.
24-03-19.21:39:44.741 [main            ] INFO  Version                - Redisson 3.26.0
24-03-19.21:39:44.810 [main            ] WARN  DnsServerAddressStreamProviders - Can not find io.netty.resolver.dns.macos.MacOSDnsServerAddressStreamProvider in the classpath, fallback to system defaults. This may result in incorrect DNS resolutions on MacOS. Check whether you have a dependency on 'io.netty:netty-resolver-dns-native-macos'
24-03-19.21:39:44.953 [redisson-netty-1-4] INFO  ConnectionsHolder      - 1 connections initialized for 127.0.0.1/127.0.0.1:16379
24-03-19.21:39:44.971 [redisson-netty-1-13] INFO  ConnectionsHolder      - 5 connections initialized for 127.0.0.1/127.0.0.1:16379
24-03-19.21:39:46.149 [main            ] INFO  EndpointLinksResolver  - Exposing 1 endpoint(s) beneath base path '/actuator'
24-03-19.21:39:46.188 [main            ] INFO  StrategyDaoTest        - Started StrategyDaoTest in 3.008 seconds (JVM running for 3.695)
24-03-19.21:39:46.436 [main            ] INFO  HikariDataSource       - HikariPool-1 - Starting...
24-03-19.21:39:46.654 [main            ] INFO  HikariDataSource       - HikariPool-1 - Start completed.
24-03-19.21:40:12.975 [HikariPool-1 housekeeper] WARN  HikariPool             - HikariPool-1 - Thread starvation or clock leap detected (housekeeper delta=56s317ms).
24-03-19.21:40:13.077 [main            ] INFO  StrategyDaoTest        - 奖品ID是null
24-03-19.21:40:13.104 [SpringApplicationShutdownHook] INFO  HikariDataSource       - HikariPool-1 - Shutdown initiated...
24-03-19.21:40:13.126 [SpringApplicationShutdownHook] INFO  HikariDataSource       - HikariPool-1 - Shutdown completed.
24-03-19.21:42:24.795 [main            ] INFO  StrategyDaoTest        - Starting StrategyDaoTest using Java 1.8.0_402 on MatthewdeMacBook-Air.local with PID 18996 (started by matthew in /Users/matthew/Desktop/Marketing system/Marketing-system-app)
24-03-19.21:42:24.796 [main            ] INFO  StrategyDaoTest        - The following 1 profile is active: "dev"
24-03-19.21:42:25.298 [main            ] INFO  RepositoryConfigurationDelegate - Multiple Spring Data modules found, entering strict repository configuration mode
24-03-19.21:42:25.300 [main            ] INFO  RepositoryConfigurationDelegate - Bootstrapping Spring Data Redis repositories in DEFAULT mode.
24-03-19.21:42:25.321 [main            ] INFO  RepositoryConfigurationDelegate - Finished Spring Data repository scanning in 6 ms. Found 0 Redis repository interfaces.
24-03-19.21:42:26.018 [main            ] INFO  Version                - Redisson 3.26.0
24-03-19.21:42:26.076 [main            ] WARN  DnsServerAddressStreamProviders - Can not find io.netty.resolver.dns.macos.MacOSDnsServerAddressStreamProvider in the classpath, fallback to system defaults. This may result in incorrect DNS resolutions on MacOS. Check whether you have a dependency on 'io.netty:netty-resolver-dns-native-macos'
24-03-19.21:42:26.219 [redisson-netty-1-4] INFO  ConnectionsHolder      - 1 connections initialized for 127.0.0.1/127.0.0.1:16379
24-03-19.21:42:26.229 [redisson-netty-1-13] INFO  ConnectionsHolder      - 5 connections initialized for 127.0.0.1/127.0.0.1:16379
24-03-19.21:42:27.141 [main            ] INFO  EndpointLinksResolver  - Exposing 1 endpoint(s) beneath base path '/actuator'
24-03-19.21:42:27.183 [main            ] INFO  StrategyDaoTest        - Started StrategyDaoTest in 2.635 seconds (JVM running for 3.3)
24-03-19.21:42:27.427 [main            ] INFO  HikariDataSource       - HikariPool-1 - Starting...
24-03-19.21:42:27.685 [main            ] INFO  HikariDataSource       - HikariPool-1 - Start completed.
24-03-19.21:42:59.655 [main            ] INFO  StrategyDaoTest        - 奖品ID是null
24-03-19.21:42:59.713 [SpringApplicationShutdownHook] INFO  HikariDataSource       - HikariPool-1 - Shutdown initiated...
24-03-19.21:42:59.738 [SpringApplicationShutdownHook] INFO  HikariDataSource       - HikariPool-1 - Shutdown completed.
24-03-19.21:46:44.699 [main            ] INFO  StrategyDaoTest        - Starting StrategyDaoTest using Java 1.8.0_402 on MatthewdeMacBook-Air.local with PID 20927 (started by matthew in /Users/matthew/Desktop/Marketing system/Marketing-system-app)
24-03-19.21:46:44.700 [main            ] INFO  StrategyDaoTest        - The following 1 profile is active: "dev"
24-03-19.21:46:45.253 [main            ] INFO  RepositoryConfigurationDelegate - Multiple Spring Data modules found, entering strict repository configuration mode
24-03-19.21:46:45.254 [main            ] INFO  RepositoryConfigurationDelegate - Bootstrapping Spring Data Redis repositories in DEFAULT mode.
24-03-19.21:46:45.267 [main            ] INFO  RepositoryConfigurationDelegate - Finished Spring Data repository scanning in 5 ms. Found 0 Redis repository interfaces.
24-03-19.21:46:45.933 [main            ] INFO  Version                - Redisson 3.26.0
24-03-19.21:46:45.981 [main            ] WARN  DnsServerAddressStreamProviders - Can not find io.netty.resolver.dns.macos.MacOSDnsServerAddressStreamProvider in the classpath, fallback to system defaults. This may result in incorrect DNS resolutions on MacOS. Check whether you have a dependency on 'io.netty:netty-resolver-dns-native-macos'
24-03-19.21:46:46.104 [redisson-netty-1-4] INFO  ConnectionsHolder      - 1 connections initialized for 127.0.0.1/127.0.0.1:16379
24-03-19.21:46:46.113 [redisson-netty-1-13] INFO  ConnectionsHolder      - 5 connections initialized for 127.0.0.1/127.0.0.1:16379
24-03-19.21:46:46.898 [main            ] INFO  EndpointLinksResolver  - Exposing 1 endpoint(s) beneath base path '/actuator'
24-03-19.21:46:46.930 [main            ] INFO  StrategyDaoTest        - Started StrategyDaoTest in 2.499 seconds (JVM running for 2.941)
24-03-19.21:46:47.159 [main            ] INFO  HikariDataSource       - HikariPool-1 - Starting...
24-03-19.21:46:47.362 [main            ] INFO  HikariDataSource       - HikariPool-1 - Start completed.
24-03-19.21:46:47.441 [main            ] INFO  StrategyDaoTest        - 奖品ID是null
24-03-19.21:46:47.460 [SpringApplicationShutdownHook] INFO  HikariDataSource       - HikariPool-1 - Shutdown initiated...
24-03-19.21:46:47.462 [SpringApplicationShutdownHook] INFO  HikariDataSource       - HikariPool-1 - Shutdown completed.
24-03-19.21:46:59.020 [main            ] INFO  StrategyDaoTest        - Starting StrategyDaoTest using Java 1.8.0_402 on MatthewdeMacBook-Air.local with PID 21032 (started by matthew in /Users/matthew/Desktop/Marketing system/Marketing-system-app)
24-03-19.21:46:59.020 [main            ] INFO  StrategyDaoTest        - The following 1 profile is active: "dev"
24-03-19.21:46:59.452 [main            ] INFO  RepositoryConfigurationDelegate - Multiple Spring Data modules found, entering strict repository configuration mode
24-03-19.21:46:59.454 [main            ] INFO  RepositoryConfigurationDelegate - Bootstrapping Spring Data Redis repositories in DEFAULT mode.
24-03-19.21:46:59.469 [main            ] INFO  RepositoryConfigurationDelegate - Finished Spring Data repository scanning in 6 ms. Found 0 Redis repository interfaces.
24-03-19.21:47:00.108 [main            ] INFO  Version                - Redisson 3.26.0
24-03-19.21:47:00.154 [main            ] WARN  DnsServerAddressStreamProviders - Can not find io.netty.resolver.dns.macos.MacOSDnsServerAddressStreamProvider in the classpath, fallback to system defaults. This may result in incorrect DNS resolutions on MacOS. Check whether you have a dependency on 'io.netty:netty-resolver-dns-native-macos'
24-03-19.21:47:00.324 [redisson-netty-1-5] INFO  ConnectionsHolder      - 1 connections initialized for 127.0.0.1/127.0.0.1:16379
24-03-19.21:47:00.336 [redisson-netty-1-13] INFO  ConnectionsHolder      - 5 connections initialized for 127.0.0.1/127.0.0.1:16379
24-03-19.21:47:01.155 [main            ] INFO  EndpointLinksResolver  - Exposing 1 endpoint(s) beneath base path '/actuator'
24-03-19.21:47:01.202 [main            ] INFO  StrategyDaoTest        - Started StrategyDaoTest in 2.389 seconds (JVM running for 2.885)
24-03-19.21:47:01.550 [main            ] INFO  HikariDataSource       - HikariPool-1 - Starting...
24-03-19.21:47:01.758 [main            ] INFO  HikariDataSource       - HikariPool-1 - Start completed.
24-03-19.21:47:01.802 [main            ] INFO  StrategyDaoTest        - 奖品ID是null
24-03-19.21:47:01.826 [SpringApplicationShutdownHook] INFO  HikariDataSource       - HikariPool-1 - Shutdown initiated...
24-03-19.21:47:01.830 [SpringApplicationShutdownHook] INFO  HikariDataSource       - HikariPool-1 - Shutdown completed.
24-03-19.21:53:43.105 [main            ] INFO  StrategyDaoTest        - Starting StrategyDaoTest using Java 1.8.0_402 on MatthewdeMacBook-Air.local with PID 24032 (started by matthew in /Users/matthew/Desktop/Marketing system/Marketing-system-app)
24-03-19.21:53:43.107 [main            ] INFO  StrategyDaoTest        - The following 1 profile is active: "dev"
24-03-19.21:53:43.650 [main            ] INFO  RepositoryConfigurationDelegate - Multiple Spring Data modules found, entering strict repository configuration mode
24-03-19.21:53:43.652 [main            ] INFO  RepositoryConfigurationDelegate - Bootstrapping Spring Data Redis repositories in DEFAULT mode.
24-03-19.21:53:43.674 [main            ] INFO  RepositoryConfigurationDelegate - Finished Spring Data repository scanning in 5 ms. Found 0 Redis repository interfaces.
24-03-19.21:53:44.441 [main            ] INFO  Version                - Redisson 3.26.0
24-03-19.21:53:44.526 [main            ] WARN  DnsServerAddressStreamProviders - Can not find io.netty.resolver.dns.macos.MacOSDnsServerAddressStreamProvider in the classpath, fallback to system defaults. This may result in incorrect DNS resolutions on MacOS. Check whether you have a dependency on 'io.netty:netty-resolver-dns-native-macos'
24-03-19.21:53:44.731 [redisson-netty-1-4] INFO  ConnectionsHolder      - 1 connections initialized for 127.0.0.1/127.0.0.1:16379
24-03-19.21:53:44.742 [redisson-netty-1-13] INFO  ConnectionsHolder      - 5 connections initialized for 127.0.0.1/127.0.0.1:16379
24-03-19.21:53:45.686 [main            ] INFO  EndpointLinksResolver  - Exposing 1 endpoint(s) beneath base path '/actuator'
24-03-19.21:53:45.724 [main            ] INFO  StrategyDaoTest        - Started StrategyDaoTest in 2.892 seconds (JVM running for 3.663)
24-03-19.21:53:46.009 [main            ] INFO  HikariDataSource       - HikariPool-1 - Starting...
24-03-19.21:53:46.228 [main            ] INFO  HikariDataSource       - HikariPool-1 - Start completed.
24-03-19.21:54:05.707 [main            ] INFO  StrategyDaoTest        - 奖品ID是null
24-03-19.21:54:05.811 [SpringApplicationShutdownHook] INFO  HikariDataSource       - HikariPool-1 - Shutdown initiated...
24-03-19.21:54:05.816 [SpringApplicationShutdownHook] INFO  HikariDataSource       - HikariPool-1 - Shutdown completed.
24-03-19.21:55:54.212 [main            ] INFO  StrategyDaoTest        - Starting StrategyDaoTest using Java 1.8.0_402 on MatthewdeMacBook-Air.local with PID 25002 (started by matthew in /Users/matthew/Desktop/Marketing system/Marketing-system-app)
24-03-19.21:55:54.212 [main            ] INFO  StrategyDaoTest        - The following 1 profile is active: "dev"
24-03-19.21:55:54.789 [main            ] INFO  RepositoryConfigurationDelegate - Multiple Spring Data modules found, entering strict repository configuration mode
24-03-19.21:55:54.791 [main            ] INFO  RepositoryConfigurationDelegate - Bootstrapping Spring Data Redis repositories in DEFAULT mode.
24-03-19.21:55:54.807 [main            ] INFO  RepositoryConfigurationDelegate - Finished Spring Data repository scanning in 6 ms. Found 0 Redis repository interfaces.
24-03-19.21:55:55.707 [main            ] INFO  Version                - Redisson 3.26.0
24-03-19.21:55:55.786 [main            ] WARN  DnsServerAddressStreamProviders - Can not find io.netty.resolver.dns.macos.MacOSDnsServerAddressStreamProvider in the classpath, fallback to system defaults. This may result in incorrect DNS resolutions on MacOS. Check whether you have a dependency on 'io.netty:netty-resolver-dns-native-macos'
24-03-19.21:55:55.972 [redisson-netty-1-4] INFO  ConnectionsHolder      - 1 connections initialized for 127.0.0.1/127.0.0.1:16379
24-03-19.21:55:55.997 [redisson-netty-1-13] INFO  ConnectionsHolder      - 5 connections initialized for 127.0.0.1/127.0.0.1:16379
24-03-19.21:55:57.111 [main            ] INFO  EndpointLinksResolver  - Exposing 1 endpoint(s) beneath base path '/actuator'
24-03-19.21:55:57.152 [main            ] INFO  StrategyDaoTest        - Started StrategyDaoTest in 3.181 seconds (JVM running for 3.991)
24-03-19.21:55:57.517 [main            ] INFO  HikariDataSource       - HikariPool-1 - Starting...
24-03-19.21:55:57.741 [main            ] INFO  HikariDataSource       - HikariPool-1 - Start completed.
24-03-19.21:57:22.350 [HikariPool-1 housekeeper] WARN  HikariPool             - HikariPool-1 - Thread starvation or clock leap detected (housekeeper delta=1m2s546ms).
24-03-19.21:57:22.366 [main            ] INFO  StrategyDaoTest        - 奖品ID是null
24-03-19.21:57:22.417 [SpringApplicationShutdownHook] INFO  HikariDataSource       - HikariPool-1 - Shutdown initiated...
24-03-19.21:57:22.429 [SpringApplicationShutdownHook] INFO  HikariDataSource       - HikariPool-1 - Shutdown completed.
24-03-19.21:57:23.891 [main            ] INFO  StrategyDaoTest        - Starting StrategyDaoTest using Java 1.8.0_402 on MatthewdeMacBook-Air.local with PID 25670 (started by matthew in /Users/matthew/Desktop/Marketing system/Marketing-system-app)
24-03-19.21:57:23.891 [main            ] INFO  StrategyDaoTest        - The following 1 profile is active: "dev"
24-03-19.21:57:24.333 [main            ] INFO  RepositoryConfigurationDelegate - Multiple Spring Data modules found, entering strict repository configuration mode
24-03-19.21:57:24.335 [main            ] INFO  RepositoryConfigurationDelegate - Bootstrapping Spring Data Redis repositories in DEFAULT mode.
24-03-19.21:57:24.368 [main            ] INFO  RepositoryConfigurationDelegate - Finished Spring Data repository scanning in 22 ms. Found 0 Redis repository interfaces.
24-03-19.21:57:25.111 [main            ] INFO  Version                - Redisson 3.26.0
24-03-19.21:57:25.164 [main            ] WARN  DnsServerAddressStreamProviders - Can not find io.netty.resolver.dns.macos.MacOSDnsServerAddressStreamProvider in the classpath, fallback to system defaults. This may result in incorrect DNS resolutions on MacOS. Check whether you have a dependency on 'io.netty:netty-resolver-dns-native-macos'
24-03-19.21:57:25.309 [redisson-netty-1-4] INFO  ConnectionsHolder      - 1 connections initialized for 127.0.0.1/127.0.0.1:16379
24-03-19.21:57:25.323 [redisson-netty-1-13] INFO  ConnectionsHolder      - 5 connections initialized for 127.0.0.1/127.0.0.1:16379
24-03-19.21:57:26.203 [main            ] INFO  EndpointLinksResolver  - Exposing 1 endpoint(s) beneath base path '/actuator'
24-03-19.21:57:26.240 [main            ] INFO  StrategyDaoTest        - Started StrategyDaoTest in 2.591 seconds (JVM running for 3.244)
24-03-19.21:57:26.526 [main            ] INFO  HikariDataSource       - HikariPool-1 - Starting...
24-03-19.21:57:26.722 [main            ] INFO  HikariDataSource       - HikariPool-1 - Start completed.
24-03-19.21:57:37.452 [main            ] INFO  StrategyDaoTest        - 奖品ID是null
24-03-19.21:57:37.490 [SpringApplicationShutdownHook] INFO  HikariDataSource       - HikariPool-1 - Shutdown initiated...
24-03-19.21:57:37.504 [SpringApplicationShutdownHook] INFO  HikariDataSource       - HikariPool-1 - Shutdown completed.
24-03-19.21:57:39.099 [main            ] INFO  StrategyDaoTest        - Starting StrategyDaoTest using Java 1.8.0_402 on MatthewdeMacBook-Air.local with PID 25785 (started by matthew in /Users/matthew/Desktop/Marketing system/Marketing-system-app)
24-03-19.21:57:39.100 [main            ] INFO  StrategyDaoTest        - The following 1 profile is active: "dev"
24-03-19.21:57:39.557 [main            ] INFO  RepositoryConfigurationDelegate - Multiple Spring Data modules found, entering strict repository configuration mode
24-03-19.21:57:39.559 [main            ] INFO  RepositoryConfigurationDelegate - Bootstrapping Spring Data Redis repositories in DEFAULT mode.
24-03-19.21:57:39.578 [main            ] INFO  RepositoryConfigurationDelegate - Finished Spring Data repository scanning in 10 ms. Found 0 Redis repository interfaces.
24-03-19.21:57:40.248 [main            ] INFO  Version                - Redisson 3.26.0
24-03-19.21:57:40.296 [main            ] WARN  DnsServerAddressStreamProviders - Can not find io.netty.resolver.dns.macos.MacOSDnsServerAddressStreamProvider in the classpath, fallback to system defaults. This may result in incorrect DNS resolutions on MacOS. Check whether you have a dependency on 'io.netty:netty-resolver-dns-native-macos'
24-03-19.21:57:40.446 [redisson-netty-1-4] INFO  ConnectionsHolder      - 1 connections initialized for 127.0.0.1/127.0.0.1:16379
24-03-19.21:57:40.456 [redisson-netty-1-13] INFO  ConnectionsHolder      - 5 connections initialized for 127.0.0.1/127.0.0.1:16379
24-03-19.21:57:41.523 [main            ] INFO  EndpointLinksResolver  - Exposing 1 endpoint(s) beneath base path '/actuator'
24-03-19.21:57:41.560 [main            ] INFO  StrategyDaoTest        - Started StrategyDaoTest in 2.834 seconds (JVM running for 3.453)
24-03-19.21:57:41.848 [main            ] INFO  HikariDataSource       - HikariPool-1 - Starting...
24-03-19.21:57:42.084 [main            ] INFO  HikariDataSource       - HikariPool-1 - Start completed.
24-03-19.21:59:19.517 [HikariPool-1 housekeeper] WARN  HikariPool             - HikariPool-1 - Thread starvation or clock leap detected (housekeeper delta=2m7s417ms).
24-03-19.21:59:19.532 [main            ] INFO  StrategyDaoTest        - 奖品ID是null
24-03-19.21:59:19.593 [SpringApplicationShutdownHook] INFO  HikariDataSource       - HikariPool-1 - Shutdown initiated...
24-03-19.21:59:19.611 [SpringApplicationShutdownHook] INFO  HikariDataSource       - HikariPool-1 - Shutdown completed.
24-03-19.22:09:13.651 [main            ] INFO  StrategyDaoTest        - Starting StrategyDaoTest using Java 1.8.0_402 on MatthewdeMacBook-Air.local with PID 31019 (started by matthew in /Users/matthew/Desktop/Marketing system/Marketing-system-app)
24-03-19.22:09:13.652 [main            ] INFO  StrategyDaoTest        - The following 1 profile is active: "dev"
24-03-19.22:09:14.113 [main            ] INFO  RepositoryConfigurationDelegate - Multiple Spring Data modules found, entering strict repository configuration mode
24-03-19.22:09:14.114 [main            ] INFO  RepositoryConfigurationDelegate - Bootstrapping Spring Data Redis repositories in DEFAULT mode.
24-03-19.22:09:14.129 [main            ] INFO  RepositoryConfigurationDelegate - Finished Spring Data repository scanning in 6 ms. Found 0 Redis repository interfaces.
24-03-19.22:09:14.787 [main            ] INFO  Version                - Redisson 3.26.0
24-03-19.22:09:14.842 [main            ] WARN  DnsServerAddressStreamProviders - Can not find io.netty.resolver.dns.macos.MacOSDnsServerAddressStreamProvider in the classpath, fallback to system defaults. This may result in incorrect DNS resolutions on MacOS. Check whether you have a dependency on 'io.netty:netty-resolver-dns-native-macos'
24-03-19.22:09:14.974 [redisson-netty-1-5] INFO  ConnectionsHolder      - 1 connections initialized for 127.0.0.1/127.0.0.1:16379
24-03-19.22:09:14.983 [redisson-netty-1-13] INFO  ConnectionsHolder      - 5 connections initialized for 127.0.0.1/127.0.0.1:16379
24-03-19.22:09:15.788 [main            ] INFO  EndpointLinksResolver  - Exposing 1 endpoint(s) beneath base path '/actuator'
24-03-19.22:09:15.818 [main            ] INFO  StrategyDaoTest        - Started StrategyDaoTest in 2.398 seconds (JVM running for 2.849)
24-03-19.22:09:16.112 [main            ] INFO  HikariDataSource       - HikariPool-1 - Starting...
24-03-19.22:09:16.399 [main            ] INFO  HikariDataSource       - HikariPool-1 - Start completed.
24-03-19.22:09:16.489 [main            ] INFO  StrategyDaoTest        - 奖品ID是106
24-03-19.22:09:16.517 [SpringApplicationShutdownHook] INFO  HikariDataSource       - HikariPool-1 - Shutdown initiated...
24-03-19.22:09:16.533 [SpringApplicationShutdownHook] INFO  HikariDataSource       - HikariPool-1 - Shutdown completed.
24-03-19.22:18:18.148 [main            ] INFO  StrategyDaoTest        - Starting StrategyDaoTest using Java 1.8.0_402 on MatthewdeMacBook-Air.local with PID 35091 (started by matthew in /Users/matthew/Desktop/Marketing system/Marketing-system-app)
24-03-19.22:18:18.149 [main            ] INFO  StrategyDaoTest        - The following 1 profile is active: "dev"
24-03-19.22:18:18.699 [main            ] INFO  RepositoryConfigurationDelegate - Multiple Spring Data modules found, entering strict repository configuration mode
24-03-19.22:18:18.702 [main            ] INFO  RepositoryConfigurationDelegate - Bootstrapping Spring Data Redis repositories in DEFAULT mode.
24-03-19.22:18:18.722 [main            ] INFO  RepositoryConfigurationDelegate - Finished Spring Data repository scanning in 8 ms. Found 0 Redis repository interfaces.
24-03-19.22:18:19.393 [main            ] INFO  Version                - Redisson 3.26.0
24-03-19.22:18:19.434 [main            ] WARN  DnsServerAddressStreamProviders - Can not find io.netty.resolver.dns.macos.MacOSDnsServerAddressStreamProvider in the classpath, fallback to system defaults. This may result in incorrect DNS resolutions on MacOS. Check whether you have a dependency on 'io.netty:netty-resolver-dns-native-macos'
24-03-19.22:18:19.583 [redisson-netty-1-5] INFO  ConnectionsHolder      - 1 connections initialized for 127.0.0.1/127.0.0.1:16379
24-03-19.22:18:19.596 [redisson-netty-1-13] INFO  ConnectionsHolder      - 5 connections initialized for 127.0.0.1/127.0.0.1:16379
24-03-19.22:18:20.409 [main            ] INFO  EndpointLinksResolver  - Exposing 1 endpoint(s) beneath base path '/actuator'
24-03-19.22:18:20.439 [main            ] INFO  StrategyDaoTest        - Started StrategyDaoTest in 2.539 seconds (JVM running for 2.996)
24-03-19.22:18:20.733 [main            ] INFO  HikariDataSource       - HikariPool-1 - Starting...
24-03-19.22:18:20.940 [main            ] INFO  HikariDataSource       - HikariPool-1 - Start completed.
24-03-19.22:18:21.004 [SpringApplicationShutdownHook] INFO  HikariDataSource       - HikariPool-1 - Shutdown initiated...
24-03-19.22:18:21.007 [SpringApplicationShutdownHook] INFO  HikariDataSource       - HikariPool-1 - Shutdown completed.
24-03-19.22:19:55.151 [main            ] INFO  StrategyDaoTest        - Starting StrategyDaoTest using Java 1.8.0_402 on MatthewdeMacBook-Air.local with PID 35817 (started by matthew in /Users/matthew/Desktop/Marketing system/Marketing-system-app)
24-03-19.22:19:55.152 [main            ] INFO  StrategyDaoTest        - The following 1 profile is active: "dev"
24-03-19.22:19:55.616 [main            ] INFO  RepositoryConfigurationDelegate - Multiple Spring Data modules found, entering strict repository configuration mode
24-03-19.22:19:55.617 [main            ] INFO  RepositoryConfigurationDelegate - Bootstrapping Spring Data Redis repositories in DEFAULT mode.
24-03-19.22:19:55.631 [main            ] INFO  RepositoryConfigurationDelegate - Finished Spring Data repository scanning in 6 ms. Found 0 Redis repository interfaces.
24-03-19.22:19:56.297 [main            ] INFO  Version                - Redisson 3.26.0
24-03-19.22:19:56.352 [main            ] WARN  DnsServerAddressStreamProviders - Can not find io.netty.resolver.dns.macos.MacOSDnsServerAddressStreamProvider in the classpath, fallback to system defaults. This may result in incorrect DNS resolutions on MacOS. Check whether you have a dependency on 'io.netty:netty-resolver-dns-native-macos'
24-03-19.22:19:56.493 [redisson-netty-1-4] INFO  ConnectionsHolder      - 1 connections initialized for 127.0.0.1/127.0.0.1:16379
24-03-19.22:19:56.503 [redisson-netty-1-13] INFO  ConnectionsHolder      - 5 connections initialized for 127.0.0.1/127.0.0.1:16379
24-03-19.22:19:57.541 [main            ] INFO  EndpointLinksResolver  - Exposing 1 endpoint(s) beneath base path '/actuator'
24-03-19.22:19:57.575 [main            ] INFO  StrategyDaoTest        - Started StrategyDaoTest in 2.652 seconds (JVM running for 3.084)
24-03-19.22:19:57.842 [main            ] INFO  HikariDataSource       - HikariPool-1 - Starting...
24-03-19.22:19:58.080 [main            ] INFO  HikariDataSource       - HikariPool-1 - Start completed.
24-03-19.22:19:58.121 [main            ] INFO  StrategyDaoTest        - 奖品ID是106
24-03-19.22:19:58.142 [SpringApplicationShutdownHook] INFO  HikariDataSource       - HikariPool-1 - Shutdown initiated...
24-03-19.22:19:58.144 [SpringApplicationShutdownHook] INFO  HikariDataSource       - HikariPool-1 - Shutdown completed.
