24-03-29.15:18:53.085 [main            ] INFO  raffle_test            - Starting raffle_test using Java 1.8.0_402 on MatthewdeMacBook-Air.local with PID 31619 (started by matthew in /Users/matthew/Desktop/Marketing system/Marketing-system-app)
24-03-29.15:18:53.086 [main            ] INFO  raffle_test            - The following 1 profile is active: "dev"
24-03-29.15:18:53.664 [main            ] INFO  RepositoryConfigurationDelegate - Multiple Spring Data modules found, entering strict repository configuration mode
24-03-29.15:18:53.666 [main            ] INFO  RepositoryConfigurationDelegate - Bootstrapping Spring Data Redis repositories in DEFAULT mode.
24-03-29.15:18:53.686 [main            ] INFO  RepositoryConfigurationDelegate - Finished Spring Data repository scanning in 10 ms. Found 0 Redis repository interfaces.
24-03-29.15:18:54.418 [main            ] INFO  Version                - Redisson 3.26.0
24-03-29.15:18:54.471 [main            ] WARN  DnsServerAddressStreamProviders - Can not find io.netty.resolver.dns.macos.MacOSDnsServerAddressStreamProvider in the classpath, fallback to system defaults. This may result in incorrect DNS resolutions on MacOS. Check whether you have a dependency on 'io.netty:netty-resolver-dns-native-macos'
24-03-29.15:18:54.598 [redisson-netty-1-4] INFO  ConnectionsHolder      - 1 connections initialized for 127.0.0.1/127.0.0.1:16379
24-03-29.15:18:54.606 [redisson-netty-1-13] INFO  ConnectionsHolder      - 5 connections initialized for 127.0.0.1/127.0.0.1:16379
24-03-29.15:18:55.407 [main            ] INFO  EndpointLinksResolver  - Exposing 1 endpoint(s) beneath base path '/actuator'
24-03-29.15:18:55.452 [main            ] INFO  raffle_test            - Started raffle_test in 2.623 seconds (JVM running for 3.048)
24-03-29.15:18:55.681 [main            ] INFO  HikariDataSource       - HikariPool-1 - Starting...
24-03-29.15:18:55.894 [main            ] INFO  HikariDataSource       - HikariPool-1 - Start completed.
24-03-29.15:18:55.964 [main            ] INFO  raffle_test            - 装配策略的结果为100006
24-03-29.15:18:55.972 [main            ] INFO  DefaultChainFilter     - 抽奖责任链-默认处理 userId: matthew strategyId: 100006 ruleModel: rule_default awardId: 102
24-03-29.15:18:55.972 [main            ] INFO  AbstractRaffleStrategy - 抽奖策略计算-责任链 matthew 100006 102 rule_default
24-03-29.15:18:55.982 [main            ] INFO  RuleLockTreeNode       - 规则过滤-次数锁 userId:matthew strategyId:100006 awardId:102
24-03-29.15:18:55.982 [main            ] INFO  RuleLockTreeNode       - 决策树-用户抽奖次数满足奖品要求-次数锁节点放行
24-03-29.15:18:55.982 [main            ] INFO  DecisionTreeEngine     - 决策树引擎【规则树】treeId:tree_lock node:RuleTreeNodeVO(treeId=tree_lock, ruleKey=rule_lock, ruleDesc=限定用户已完成N次抽奖后解锁, ruleValue=1, treeNodeLineVOList=[RuleTreeNodeLineVO(treeId=tree_lock, ruleNodeFrom=rule_lock, ruleNodeTo=rule_stock, ruleLimitType=EQUAL, ruleLimitValue=ALLOW), RuleTreeNodeLineVO(treeId=tree_lock, ruleNodeFrom=rule_lock, ruleNodeTo=rule_luck_award, ruleLimitType=EQUAL, ruleLimitValue=TAKE_OVER)]) code:0000
24-03-29.15:18:55.982 [main            ] INFO  RuleStockTreeNode      - 规则过滤-库存节点, userId: matthew strategy: 100006 award: 102
24-03-29.15:18:55.983 [main            ] INFO  RuleStockTreeNode      - 规则过滤-库存扣减-成功 userId:matthew strategyId:100006 awardId:102
24-03-29.15:18:55.996 [main            ] INFO  DecisionTreeEngine     - 决策树引擎【规则树】treeId:tree_lock node:RuleTreeNodeVO(treeId=tree_lock, ruleKey=rule_stock, ruleDesc=库存扣减规则, ruleValue=null, treeNodeLineVOList=[RuleTreeNodeLineVO(treeId=tree_lock, ruleNodeFrom=rule_stock, ruleNodeTo=rule_luck_award, ruleLimitType=EQUAL, ruleLimitValue=ALLOW)]) code:0001
24-03-29.15:18:56.032 [SpringApplicationShutdownHook] INFO  HikariDataSource       - HikariPool-1 - Shutdown initiated...
24-03-29.15:18:56.040 [SpringApplicationShutdownHook] INFO  HikariDataSource       - HikariPool-1 - Shutdown completed.
24-03-29.15:29:28.603 [main            ] INFO  raffle_test            - Starting raffle_test using Java 1.8.0_402 on MatthewdeMacBook-Air.local with PID 32540 (started by matthew in /Users/matthew/Desktop/Marketing system/Marketing-system-app)
24-03-29.15:29:28.604 [main            ] INFO  raffle_test            - The following 1 profile is active: "dev"
24-03-29.15:29:29.197 [main            ] INFO  RepositoryConfigurationDelegate - Multiple Spring Data modules found, entering strict repository configuration mode
24-03-29.15:29:29.199 [main            ] INFO  RepositoryConfigurationDelegate - Bootstrapping Spring Data Redis repositories in DEFAULT mode.
24-03-29.15:29:29.217 [main            ] INFO  RepositoryConfigurationDelegate - Finished Spring Data repository scanning in 8 ms. Found 0 Redis repository interfaces.
24-03-29.15:29:29.962 [main            ] INFO  Version                - Redisson 3.26.0
24-03-29.15:29:30.020 [main            ] WARN  DnsServerAddressStreamProviders - Can not find io.netty.resolver.dns.macos.MacOSDnsServerAddressStreamProvider in the classpath, fallback to system defaults. This may result in incorrect DNS resolutions on MacOS. Check whether you have a dependency on 'io.netty:netty-resolver-dns-native-macos'
24-03-29.15:29:30.167 [redisson-netty-1-4] INFO  ConnectionsHolder      - 1 connections initialized for 127.0.0.1/127.0.0.1:16379
24-03-29.15:29:30.176 [redisson-netty-1-13] INFO  ConnectionsHolder      - 5 connections initialized for 127.0.0.1/127.0.0.1:16379
24-03-29.15:29:31.118 [main            ] INFO  EndpointLinksResolver  - Exposing 1 endpoint(s) beneath base path '/actuator'
24-03-29.15:29:31.166 [main            ] INFO  raffle_test            - Started raffle_test in 2.866 seconds (JVM running for 3.514)
24-03-29.15:29:31.545 [main            ] INFO  HikariDataSource       - HikariPool-1 - Starting...
24-03-29.15:29:31.806 [main            ] INFO  HikariDataSource       - HikariPool-1 - Start completed.
24-03-29.15:29:31.834 [main            ] INFO  raffle_test            - 装配策略的结果为100006
24-03-29.15:29:31.844 [main            ] INFO  DefaultChainFilter     - 抽奖责任链-默认处理 userId: matthew strategyId: 100006 ruleModel: rule_default awardId: 102
24-03-29.15:29:31.844 [main            ] INFO  AbstractRaffleStrategy - 抽奖策略计算-完成责任链 userId: matthew strategyId: 100006 awardId: 102 规则: rule_default
24-03-29.15:30:46.981 [HikariPool-1 housekeeper] WARN  HikariPool             - HikariPool-1 - Thread starvation or clock leap detected (housekeeper delta=1m45s174ms).
24-03-29.15:31:40.106 [main            ] INFO  RuleLockTreeNode       - 规则过滤-次数锁 userId:matthew strategyId:100006 awardId:102
24-03-29.15:31:40.106 [HikariPool-1 housekeeper] WARN  HikariPool             - HikariPool-1 - Thread starvation or clock leap detected (housekeeper delta=53s125ms).
24-03-29.15:31:40.107 [main            ] INFO  RuleLockTreeNode       - 决策树-用户抽奖次数满足奖品要求-次数锁节点放行
24-03-29.15:31:40.109 [main            ] INFO  DecisionTreeEngine     - 决策树引擎【规则树】treeId:tree_lock node:RuleTreeNodeVO(treeId=tree_lock, ruleKey=rule_lock, ruleDesc=限定用户已完成N次抽奖后解锁, ruleValue=1, treeNodeLineVOList=[RuleTreeNodeLineVO(treeId=tree_lock, ruleNodeFrom=rule_lock, ruleNodeTo=rule_stock, ruleLimitType=EQUAL, ruleLimitValue=ALLOW), RuleTreeNodeLineVO(treeId=tree_lock, ruleNodeFrom=rule_lock, ruleNodeTo=rule_luck_award, ruleLimitType=EQUAL, ruleLimitValue=TAKE_OVER)]) code:0000
24-03-29.15:32:42.922 [main            ] INFO  RuleStockTreeNode      - 规则过滤-库存节点, userId: matthew strategy: 100006 award: 102
24-03-29.15:32:42.931 [main            ] INFO  RuleStockTreeNode      - 规则过滤-库存扣减-成功 userId:matthew strategyId:100006 awardId:102
24-03-29.15:37:37.387 [HikariPool-1 housekeeper] WARN  HikariPool             - HikariPool-1 - Thread starvation or clock leap detected (housekeeper delta=4m54s465ms).
24-03-29.15:37:37.388 [main            ] INFO  DecisionTreeEngine     - 决策树引擎【规则树】treeId:tree_lock node:RuleTreeNodeVO(treeId=tree_lock, ruleKey=rule_stock, ruleDesc=库存扣减规则, ruleValue=null, treeNodeLineVOList=[RuleTreeNodeLineVO(treeId=tree_lock, ruleNodeFrom=rule_stock, ruleNodeTo=rule_luck_award, ruleLimitType=EQUAL, ruleLimitValue=ALLOW)]) code:0001
24-03-29.15:38:04.749 [SpringApplicationShutdownHook] INFO  HikariDataSource       - HikariPool-1 - Shutdown initiated...
24-03-29.15:38:06.743 [SpringApplicationShutdownHook] INFO  HikariDataSource       - HikariPool-1 - Shutdown completed.
24-03-29.15:38:59.811 [main            ] INFO  raffle_test            - Starting raffle_test using Java 1.8.0_402 on MatthewdeMacBook-Air.local with PID 33408 (started by matthew in /Users/matthew/Desktop/Marketing system/Marketing-system-app)
24-03-29.15:38:59.811 [main            ] INFO  raffle_test            - The following 1 profile is active: "dev"
24-03-29.15:39:00.367 [main            ] INFO  RepositoryConfigurationDelegate - Multiple Spring Data modules found, entering strict repository configuration mode
24-03-29.15:39:00.368 [main            ] INFO  RepositoryConfigurationDelegate - Bootstrapping Spring Data Redis repositories in DEFAULT mode.
24-03-29.15:39:00.385 [main            ] INFO  RepositoryConfigurationDelegate - Finished Spring Data repository scanning in 8 ms. Found 0 Redis repository interfaces.
24-03-29.15:39:01.100 [main            ] INFO  Version                - Redisson 3.26.0
24-03-29.15:39:01.155 [main            ] WARN  DnsServerAddressStreamProviders - Can not find io.netty.resolver.dns.macos.MacOSDnsServerAddressStreamProvider in the classpath, fallback to system defaults. This may result in incorrect DNS resolutions on MacOS. Check whether you have a dependency on 'io.netty:netty-resolver-dns-native-macos'
24-03-29.15:39:01.304 [redisson-netty-1-4] INFO  ConnectionsHolder      - 1 connections initialized for 127.0.0.1/127.0.0.1:16379
24-03-29.15:39:01.322 [redisson-netty-1-13] INFO  ConnectionsHolder      - 5 connections initialized for 127.0.0.1/127.0.0.1:16379
24-03-29.15:39:02.196 [main            ] INFO  EndpointLinksResolver  - Exposing 1 endpoint(s) beneath base path '/actuator'
24-03-29.15:39:02.233 [main            ] INFO  raffle_test            - Started raffle_test in 2.689 seconds (JVM running for 3.352)
24-03-29.15:39:02.520 [main            ] INFO  HikariDataSource       - HikariPool-1 - Starting...
24-03-29.15:39:02.726 [main            ] INFO  HikariDataSource       - HikariPool-1 - Start completed.
24-03-29.15:39:02.751 [main            ] INFO  raffle_test            - 装配策略的结果为100006
24-03-29.15:39:02.762 [main            ] INFO  DefaultChainFilter     - 抽奖责任链-默认处理 userId: matthew strategyId: 100006 ruleModel: rule_default awardId: 102
24-03-29.15:39:02.762 [main            ] INFO  AbstractRaffleStrategy - 抽奖策略计算-完成责任链 userId: matthew strategyId: 100006 awardId: 102 规则: rule_default
24-03-29.15:39:12.309 [main            ] INFO  RuleLockTreeNode       - 规则过滤-次数锁 userId:matthew strategyId:100006 awardId:102
24-03-29.15:39:12.310 [main            ] INFO  RuleLockTreeNode       - 决策树-用户抽奖次数满足奖品要求-次数锁节点放行
24-03-29.15:39:12.312 [main            ] INFO  DecisionTreeEngine     - 决策树引擎【规则树】treeId:tree_lock node:RuleTreeNodeVO(treeId=tree_lock, ruleKey=rule_lock, ruleDesc=限定用户已完成N次抽奖后解锁, ruleValue=1, treeNodeLineVOList=[RuleTreeNodeLineVO(treeId=tree_lock, ruleNodeFrom=rule_lock, ruleNodeTo=rule_stock, ruleLimitType=EQUAL, ruleLimitValue=ALLOW), RuleTreeNodeLineVO(treeId=tree_lock, ruleNodeFrom=rule_lock, ruleNodeTo=rule_luck_award, ruleLimitType=EQUAL, ruleLimitValue=TAKE_OVER)]) code:0000
24-03-29.15:39:28.533 [main            ] INFO  RuleStockTreeNode      - 规则过滤-库存节点, userId: matthew strategy: 100006 award: 102
24-03-29.15:39:28.540 [main            ] INFO  RuleStockTreeNode      - 规则过滤-库存扣减-成功 userId:matthew strategyId:100006 awardId:102
24-03-29.15:39:28.571 [main            ] INFO  DecisionTreeEngine     - 决策树引擎【规则树】treeId:tree_lock node:RuleTreeNodeVO(treeId=tree_lock, ruleKey=rule_stock, ruleDesc=库存扣减规则, ruleValue=null, treeNodeLineVOList=[RuleTreeNodeLineVO(treeId=tree_lock, ruleNodeFrom=rule_stock, ruleNodeTo=rule_luck_award, ruleLimitType=EQUAL, ruleLimitValue=ALLOW)]) code:0001
24-03-29.15:40:41.957 [HikariPool-1 housekeeper] WARN  HikariPool             - HikariPool-1 - Thread starvation or clock leap detected (housekeeper delta=1m14s401ms).
24-03-29.15:54:25.770 [HikariPool-1 housekeeper] WARN  HikariPool             - HikariPool-1 - Thread starvation or clock leap detected (housekeeper delta=13m59s71ms).
24-03-29.15:54:25.780 [redisson-timer-4-1] WARN  HashedWheelTimer       - An exception was thrown by TimerTask.
java.lang.NullPointerException: null
	at org.redisson.QueueTransferTask$3.run(QueueTransferTask.java:125)
	at io.netty.util.HashedWheelTimer$HashedWheelTimeout.run(HashedWheelTimer.java:715)
	at io.netty.util.concurrent.ImmediateExecutor.execute(ImmediateExecutor.java:34)
	at io.netty.util.HashedWheelTimer$HashedWheelTimeout.expire(HashedWheelTimer.java:703)
	at io.netty.util.HashedWheelTimer$HashedWheelBucket.expireTimeouts(HashedWheelTimer.java:790)
	at io.netty.util.HashedWheelTimer$Worker.run(HashedWheelTimer.java:503)
	at io.netty.util.concurrent.FastThreadLocalRunnable.run(FastThreadLocalRunnable.java:30)
	at java.lang.Thread.run(Thread.java:750)
24-03-29.15:54:25.837 [SpringApplicationShutdownHook] INFO  HikariDataSource       - HikariPool-1 - Shutdown initiated...
24-03-29.15:54:25.844 [SpringApplicationShutdownHook] INFO  HikariDataSource       - HikariPool-1 - Shutdown completed.
24-03-29.15:54:29.556 [main            ] INFO  raffle_test            - Starting raffle_test using Java 1.8.0_402 on MatthewdeMacBook-Air.local with PID 34777 (started by matthew in /Users/matthew/Desktop/Marketing system/Marketing-system-app)
24-03-29.15:54:29.557 [main            ] INFO  raffle_test            - The following 1 profile is active: "dev"
24-03-29.15:54:30.275 [main            ] INFO  RepositoryConfigurationDelegate - Multiple Spring Data modules found, entering strict repository configuration mode
24-03-29.15:54:30.279 [main            ] INFO  RepositoryConfigurationDelegate - Bootstrapping Spring Data Redis repositories in DEFAULT mode.
24-03-29.15:54:30.308 [main            ] INFO  RepositoryConfigurationDelegate - Finished Spring Data repository scanning in 15 ms. Found 0 Redis repository interfaces.
24-03-29.15:54:31.119 [main            ] INFO  Version                - Redisson 3.26.0
24-03-29.15:54:31.175 [main            ] WARN  DnsServerAddressStreamProviders - Can not find io.netty.resolver.dns.macos.MacOSDnsServerAddressStreamProvider in the classpath, fallback to system defaults. This may result in incorrect DNS resolutions on MacOS. Check whether you have a dependency on 'io.netty:netty-resolver-dns-native-macos'
24-03-29.15:54:31.318 [redisson-netty-1-4] INFO  ConnectionsHolder      - 1 connections initialized for 127.0.0.1/127.0.0.1:16379
24-03-29.15:54:31.337 [redisson-netty-1-13] INFO  ConnectionsHolder      - 5 connections initialized for 127.0.0.1/127.0.0.1:16379
24-03-29.15:54:32.393 [main            ] INFO  EndpointLinksResolver  - Exposing 1 endpoint(s) beneath base path '/actuator'
24-03-29.15:54:32.448 [main            ] INFO  raffle_test            - Started raffle_test in 3.234 seconds (JVM running for 3.984)
24-03-29.15:54:32.736 [main            ] INFO  HikariDataSource       - HikariPool-1 - Starting...
24-03-29.15:54:32.935 [main            ] INFO  HikariDataSource       - HikariPool-1 - Start completed.
24-03-29.15:54:33.115 [main            ] INFO  raffle_test            - 装配策略的结果为100006
24-03-29.15:54:33.144 [main            ] INFO  DefaultChainFilter     - 抽奖责任链-默认处理 userId: matthew strategyId: 100006 ruleModel: rule_default awardId: 102
24-03-29.15:54:33.146 [main            ] INFO  AbstractRaffleStrategy - 抽奖策略计算-完成责任链 userId: matthew strategyId: 100006 awardId: 102 规则: rule_default
24-03-29.15:54:33.187 [main            ] INFO  RuleLockTreeNode       - 规则过滤-次数锁 userId:matthew strategyId:100006 awardId:102
24-03-29.15:54:33.188 [main            ] INFO  RuleLockTreeNode       - 决策树-用户抽奖次数满足奖品要求-次数锁节点放行
24-03-29.15:54:33.190 [main            ] INFO  DecisionTreeEngine     - 决策树引擎【规则树】treeId:tree_lock node:RuleTreeNodeVO(treeId=tree_lock, ruleKey=rule_lock, ruleDesc=限定用户已完成N次抽奖后解锁, ruleValue=1, treeNodeLineVOList=[RuleTreeNodeLineVO(treeId=tree_lock, ruleNodeFrom=rule_lock, ruleNodeTo=rule_stock, ruleLimitType=EQUAL, ruleLimitValue=ALLOW), RuleTreeNodeLineVO(treeId=tree_lock, ruleNodeFrom=rule_lock, ruleNodeTo=rule_luck_award, ruleLimitType=EQUAL, ruleLimitValue=TAKE_OVER)]) code:0000
24-03-29.15:54:59.575 [main            ] INFO  RuleStockTreeNode      - 规则过滤-库存节点, userId: matthew strategy: 100006 award: 102
24-03-29.15:54:59.591 [main            ] INFO  DecisionTreeEngine     - 决策树引擎【规则树】treeId:tree_lock node:RuleTreeNodeVO(treeId=tree_lock, ruleKey=rule_stock, ruleDesc=库存扣减规则, ruleValue=null, treeNodeLineVOList=[RuleTreeNodeLineVO(treeId=tree_lock, ruleNodeFrom=rule_stock, ruleNodeTo=rule_luck_award, ruleLimitType=EQUAL, ruleLimitValue=ALLOW)]) code:0001
24-03-29.15:54:59.637 [SpringApplicationShutdownHook] INFO  HikariDataSource       - HikariPool-1 - Shutdown initiated...
24-03-29.15:54:59.652 [SpringApplicationShutdownHook] INFO  HikariDataSource       - HikariPool-1 - Shutdown completed.
24-03-29.15:55:01.295 [main            ] INFO  raffle_test            - Starting raffle_test using Java 1.8.0_402 on MatthewdeMacBook-Air.local with PID 34833 (started by matthew in /Users/matthew/Desktop/Marketing system/Marketing-system-app)
24-03-29.15:55:01.296 [main            ] INFO  raffle_test            - The following 1 profile is active: "dev"
24-03-29.15:55:01.889 [main            ] INFO  RepositoryConfigurationDelegate - Multiple Spring Data modules found, entering strict repository configuration mode
24-03-29.15:55:01.891 [main            ] INFO  RepositoryConfigurationDelegate - Bootstrapping Spring Data Redis repositories in DEFAULT mode.
24-03-29.15:55:01.910 [main            ] INFO  RepositoryConfigurationDelegate - Finished Spring Data repository scanning in 9 ms. Found 0 Redis repository interfaces.
24-03-29.15:55:02.649 [main            ] INFO  Version                - Redisson 3.26.0
24-03-29.15:55:02.700 [main            ] WARN  DnsServerAddressStreamProviders - Can not find io.netty.resolver.dns.macos.MacOSDnsServerAddressStreamProvider in the classpath, fallback to system defaults. This may result in incorrect DNS resolutions on MacOS. Check whether you have a dependency on 'io.netty:netty-resolver-dns-native-macos'
24-03-29.15:55:02.837 [redisson-netty-1-4] INFO  ConnectionsHolder      - 1 connections initialized for 127.0.0.1/127.0.0.1:16379
24-03-29.15:55:02.846 [redisson-netty-1-13] INFO  ConnectionsHolder      - 5 connections initialized for 127.0.0.1/127.0.0.1:16379
24-03-29.15:55:03.744 [main            ] INFO  EndpointLinksResolver  - Exposing 1 endpoint(s) beneath base path '/actuator'
24-03-29.15:55:03.782 [main            ] INFO  raffle_test            - Started raffle_test in 2.792 seconds (JVM running for 3.359)
24-03-29.15:55:04.029 [main            ] INFO  HikariDataSource       - HikariPool-1 - Starting...
24-03-29.15:55:04.251 [main            ] INFO  HikariDataSource       - HikariPool-1 - Start completed.
24-03-29.15:55:04.322 [main            ] INFO  raffle_test            - 装配策略的结果为100006
24-03-29.15:55:04.330 [main            ] INFO  DefaultChainFilter     - 抽奖责任链-默认处理 userId: matthew strategyId: 100006 ruleModel: rule_default awardId: 102
24-03-29.15:55:04.330 [main            ] INFO  AbstractRaffleStrategy - 抽奖策略计算-完成责任链 userId: matthew strategyId: 100006 awardId: 102 规则: rule_default
24-03-29.15:55:04.352 [main            ] INFO  RuleLockTreeNode       - 规则过滤-次数锁 userId:matthew strategyId:100006 awardId:102
24-03-29.15:55:04.352 [main            ] INFO  RuleLockTreeNode       - 决策树-用户抽奖次数满足奖品要求-次数锁节点放行
24-03-29.15:55:04.353 [main            ] INFO  DecisionTreeEngine     - 决策树引擎【规则树】treeId:tree_lock node:RuleTreeNodeVO(treeId=tree_lock, ruleKey=rule_lock, ruleDesc=限定用户已完成N次抽奖后解锁, ruleValue=1, treeNodeLineVOList=[RuleTreeNodeLineVO(treeId=tree_lock, ruleNodeFrom=rule_lock, ruleNodeTo=rule_stock, ruleLimitType=EQUAL, ruleLimitValue=ALLOW), RuleTreeNodeLineVO(treeId=tree_lock, ruleNodeFrom=rule_lock, ruleNodeTo=rule_luck_award, ruleLimitType=EQUAL, ruleLimitValue=TAKE_OVER)]) code:0000
24-03-29.15:55:37.714 [HikariPool-1 housekeeper] WARN  HikariPool             - HikariPool-1 - Thread starvation or clock leap detected (housekeeper delta=1m3s462ms).
24-03-29.15:55:40.624 [main            ] INFO  RuleStockTreeNode      - 规则过滤-库存节点, userId: matthew strategy: 100006 award: 102
24-03-29.15:55:40.686 [SpringApplicationShutdownHook] INFO  HikariDataSource       - HikariPool-1 - Shutdown initiated...
24-03-29.15:55:40.696 [SpringApplicationShutdownHook] INFO  HikariDataSource       - HikariPool-1 - Shutdown completed.
24-03-29.15:55:59.488 [main            ] INFO  raffle_test            - Starting raffle_test using Java 1.8.0_402 on MatthewdeMacBook-Air.local with PID 34916 (started by matthew in /Users/matthew/Desktop/Marketing system/Marketing-system-app)
24-03-29.15:55:59.489 [main            ] INFO  raffle_test            - The following 1 profile is active: "dev"
24-03-29.15:56:00.274 [main            ] INFO  RepositoryConfigurationDelegate - Multiple Spring Data modules found, entering strict repository configuration mode
24-03-29.15:56:00.277 [main            ] INFO  RepositoryConfigurationDelegate - Bootstrapping Spring Data Redis repositories in DEFAULT mode.
24-03-29.15:56:00.297 [main            ] INFO  RepositoryConfigurationDelegate - Finished Spring Data repository scanning in 8 ms. Found 0 Redis repository interfaces.
24-03-29.15:56:01.201 [main            ] INFO  Version                - Redisson 3.26.0
24-03-29.15:56:01.257 [main            ] WARN  DnsServerAddressStreamProviders - Can not find io.netty.resolver.dns.macos.MacOSDnsServerAddressStreamProvider in the classpath, fallback to system defaults. This may result in incorrect DNS resolutions on MacOS. Check whether you have a dependency on 'io.netty:netty-resolver-dns-native-macos'
24-03-29.15:56:01.417 [redisson-netty-1-5] INFO  ConnectionsHolder      - 1 connections initialized for 127.0.0.1/127.0.0.1:16379
24-03-29.15:56:01.440 [redisson-netty-1-13] INFO  ConnectionsHolder      - 5 connections initialized for 127.0.0.1/127.0.0.1:16379
24-03-29.15:56:02.449 [main            ] INFO  EndpointLinksResolver  - Exposing 1 endpoint(s) beneath base path '/actuator'
24-03-29.15:56:02.491 [main            ] INFO  raffle_test            - Started raffle_test in 3.322 seconds (JVM running for 4.019)
24-03-29.15:56:02.809 [main            ] INFO  HikariDataSource       - HikariPool-1 - Starting...
24-03-29.15:56:03.060 [main            ] INFO  HikariDataSource       - HikariPool-1 - Start completed.
24-03-29.15:56:03.088 [main            ] INFO  raffle_test            - 装配策略的结果为100006
24-03-29.15:56:03.101 [main            ] INFO  DefaultChainFilter     - 抽奖责任链-默认处理 userId: matthew strategyId: 100006 ruleModel: rule_default awardId: 102
24-03-29.15:56:03.101 [main            ] INFO  AbstractRaffleStrategy - 抽奖策略计算-完成责任链 userId: matthew strategyId: 100006 awardId: 102 规则: rule_default
24-03-29.15:56:03.111 [main            ] INFO  RuleLockTreeNode       - 规则过滤-次数锁 userId:matthew strategyId:100006 awardId:102
24-03-29.15:56:03.111 [main            ] INFO  RuleLockTreeNode       - 决策树-用户抽奖次数满足奖品要求-次数锁节点放行
24-03-29.15:56:03.111 [main            ] INFO  DecisionTreeEngine     - 决策树引擎【规则树】treeId:tree_lock node:RuleTreeNodeVO(treeId=tree_lock, ruleKey=rule_lock, ruleDesc=限定用户已完成N次抽奖后解锁, ruleValue=1, treeNodeLineVOList=[RuleTreeNodeLineVO(treeId=tree_lock, ruleNodeFrom=rule_lock, ruleNodeTo=rule_stock, ruleLimitType=EQUAL, ruleLimitValue=ALLOW), RuleTreeNodeLineVO(treeId=tree_lock, ruleNodeFrom=rule_lock, ruleNodeTo=rule_luck_award, ruleLimitType=EQUAL, ruleLimitValue=TAKE_OVER)]) code:0000
24-03-29.15:56:30.441 [main            ] INFO  RuleStockTreeNode      - 规则过滤-库存节点, userId: matthew strategy: 100006 award: 102
24-03-29.15:56:39.084 [SpringApplicationShutdownHook] INFO  HikariDataSource       - HikariPool-1 - Shutdown initiated...
24-03-29.15:56:39.090 [SpringApplicationShutdownHook] INFO  HikariDataSource       - HikariPool-1 - Shutdown completed.
24-03-29.15:57:27.641 [main            ] INFO  raffle_test            - Starting raffle_test using Java 1.8.0_402 on MatthewdeMacBook-Air.local with PID 35045 (started by matthew in /Users/matthew/Desktop/Marketing system/Marketing-system-app)
24-03-29.15:57:27.643 [main            ] INFO  raffle_test            - The following 1 profile is active: "dev"
24-03-29.15:57:28.353 [main            ] INFO  RepositoryConfigurationDelegate - Multiple Spring Data modules found, entering strict repository configuration mode
24-03-29.15:57:28.355 [main            ] INFO  RepositoryConfigurationDelegate - Bootstrapping Spring Data Redis repositories in DEFAULT mode.
24-03-29.15:57:28.372 [main            ] INFO  RepositoryConfigurationDelegate - Finished Spring Data repository scanning in 9 ms. Found 0 Redis repository interfaces.
24-03-29.15:57:29.103 [main            ] INFO  Version                - Redisson 3.26.0
24-03-29.15:57:29.158 [main            ] WARN  DnsServerAddressStreamProviders - Can not find io.netty.resolver.dns.macos.MacOSDnsServerAddressStreamProvider in the classpath, fallback to system defaults. This may result in incorrect DNS resolutions on MacOS. Check whether you have a dependency on 'io.netty:netty-resolver-dns-native-macos'
24-03-29.15:57:29.303 [redisson-netty-1-4] INFO  ConnectionsHolder      - 1 connections initialized for 127.0.0.1/127.0.0.1:16379
24-03-29.15:57:29.313 [redisson-netty-1-13] INFO  ConnectionsHolder      - 5 connections initialized for 127.0.0.1/127.0.0.1:16379
24-03-29.15:57:30.581 [main            ] INFO  EndpointLinksResolver  - Exposing 1 endpoint(s) beneath base path '/actuator'
24-03-29.15:57:30.643 [main            ] INFO  raffle_test            - Started raffle_test in 3.334 seconds (JVM running for 4.091)
24-03-29.15:57:31.007 [main            ] INFO  HikariDataSource       - HikariPool-1 - Starting...
24-03-29.15:57:31.251 [main            ] INFO  HikariDataSource       - HikariPool-1 - Start completed.
24-03-29.15:57:31.353 [main            ] INFO  raffle_test            - 装配策略的结果为100006
24-03-29.15:57:31.366 [main            ] INFO  DefaultChainFilter     - 抽奖责任链-默认处理 userId: matthew strategyId: 100006 ruleModel: rule_default awardId: 101
24-03-29.15:57:31.367 [main            ] INFO  AbstractRaffleStrategy - 抽奖策略计算-完成责任链 userId: matthew strategyId: 100006 awardId: 101 规则: rule_default
24-03-29.15:57:31.389 [main            ] INFO  RuleLockTreeNode       - 规则过滤-次数锁 userId:matthew strategyId:100006 awardId:101
24-03-29.15:57:31.389 [main            ] INFO  RuleLockTreeNode       - 决策树-用户抽奖次数满足奖品要求-次数锁节点放行
24-03-29.15:57:31.390 [main            ] INFO  DecisionTreeEngine     - 决策树引擎【规则树】treeId:tree_lock node:RuleTreeNodeVO(treeId=tree_lock, ruleKey=rule_lock, ruleDesc=限定用户已完成N次抽奖后解锁, ruleValue=1, treeNodeLineVOList=[RuleTreeNodeLineVO(treeId=tree_lock, ruleNodeFrom=rule_lock, ruleNodeTo=rule_stock, ruleLimitType=EQUAL, ruleLimitValue=ALLOW), RuleTreeNodeLineVO(treeId=tree_lock, ruleNodeFrom=rule_lock, ruleNodeTo=rule_luck_award, ruleLimitType=EQUAL, ruleLimitValue=TAKE_OVER)]) code:0000
24-03-29.15:58:32.309 [HikariPool-1 housekeeper] WARN  HikariPool             - HikariPool-1 - Thread starvation or clock leap detected (housekeeper delta=1m954ms).
24-03-29.15:58:32.309 [main            ] INFO  RuleStockTreeNode      - 规则过滤-库存节点, userId: matthew strategy: 100006 award: 101
24-03-29.15:58:32.317 [main            ] INFO  RuleStockTreeNode      - 规则过滤-库存扣减-成功 userId:matthew strategyId:100006 awardId:101
24-03-29.16:00:11.773 [main            ] INFO  DecisionTreeEngine     - 决策树引擎【规则树】treeId:tree_lock node:RuleTreeNodeVO(treeId=tree_lock, ruleKey=rule_stock, ruleDesc=库存扣减规则, ruleValue=null, treeNodeLineVOList=[RuleTreeNodeLineVO(treeId=tree_lock, ruleNodeFrom=rule_stock, ruleNodeTo=rule_luck_award, ruleLimitType=EQUAL, ruleLimitValue=TAKE_OVER)]) code:0000
24-03-29.16:01:47.689 [HikariPool-1 housekeeper] WARN  HikariPool             - HikariPool-1 - Thread starvation or clock leap detected (housekeeper delta=2m40s516ms).
24-03-29.16:07:44.046 [HikariPool-1 housekeeper] WARN  HikariPool             - HikariPool-1 - Thread starvation or clock leap detected (housekeeper delta=5m56s357ms).
24-03-29.16:07:44.141 [SpringApplicationShutdownHook] INFO  HikariDataSource       - HikariPool-1 - Shutdown initiated...
24-03-29.16:07:44.166 [SpringApplicationShutdownHook] INFO  HikariDataSource       - HikariPool-1 - Shutdown completed.
24-03-29.16:07:49.975 [main            ] INFO  raffle_test            - Starting raffle_test using Java 1.8.0_402 on MatthewdeMacBook-Air.local with PID 35956 (started by matthew in /Users/matthew/Desktop/Marketing system/Marketing-system-app)
24-03-29.16:07:49.976 [main            ] INFO  raffle_test            - The following 1 profile is active: "dev"
24-03-29.16:07:50.501 [main            ] INFO  RepositoryConfigurationDelegate - Multiple Spring Data modules found, entering strict repository configuration mode
24-03-29.16:07:50.503 [main            ] INFO  RepositoryConfigurationDelegate - Bootstrapping Spring Data Redis repositories in DEFAULT mode.
24-03-29.16:07:50.520 [main            ] INFO  RepositoryConfigurationDelegate - Finished Spring Data repository scanning in 8 ms. Found 0 Redis repository interfaces.
24-03-29.16:07:51.217 [main            ] INFO  Version                - Redisson 3.26.0
24-03-29.16:07:51.274 [main            ] WARN  DnsServerAddressStreamProviders - Can not find io.netty.resolver.dns.macos.MacOSDnsServerAddressStreamProvider in the classpath, fallback to system defaults. This may result in incorrect DNS resolutions on MacOS. Check whether you have a dependency on 'io.netty:netty-resolver-dns-native-macos'
24-03-29.16:07:51.416 [redisson-netty-1-4] INFO  ConnectionsHolder      - 1 connections initialized for 127.0.0.1/127.0.0.1:16379
24-03-29.16:07:51.426 [redisson-netty-1-13] INFO  ConnectionsHolder      - 5 connections initialized for 127.0.0.1/127.0.0.1:16379
24-03-29.16:07:52.187 [main            ] INFO  EndpointLinksResolver  - Exposing 1 endpoint(s) beneath base path '/actuator'
24-03-29.16:07:52.228 [main            ] INFO  raffle_test            - Started raffle_test in 2.504 seconds (JVM running for 2.914)
24-03-29.16:07:52.498 [main            ] INFO  HikariDataSource       - HikariPool-1 - Starting...
24-03-29.16:07:52.682 [main            ] INFO  HikariDataSource       - HikariPool-1 - Start completed.
24-03-29.16:07:52.706 [main            ] INFO  raffle_test            - 装配策略的结果为100006
24-03-29.16:07:52.715 [main            ] INFO  DefaultChainFilter     - 抽奖责任链-默认处理 userId: matthew strategyId: 100006 ruleModel: rule_default awardId: 102
24-03-29.16:07:52.715 [main            ] INFO  AbstractRaffleStrategy - 抽奖策略计算-完成责任链 userId: matthew strategyId: 100006 awardId: 102 规则: rule_default
24-03-29.16:07:52.721 [main            ] INFO  RuleLockTreeNode       - 规则过滤-次数锁 userId:matthew strategyId:100006 awardId:102
24-03-29.16:07:52.721 [main            ] INFO  RuleLockTreeNode       - 决策树-用户抽奖次数满足奖品要求-次数锁节点放行
24-03-29.16:07:52.722 [main            ] INFO  DecisionTreeEngine     - 决策树引擎【规则树】treeId:tree_lock node:RuleTreeNodeVO(treeId=tree_lock, ruleKey=rule_lock, ruleDesc=限定用户已完成N次抽奖后解锁, ruleValue=1, treeNodeLineVOList=[RuleTreeNodeLineVO(treeId=tree_lock, ruleNodeFrom=rule_lock, ruleNodeTo=rule_stock, ruleLimitType=EQUAL, ruleLimitValue=ALLOW), RuleTreeNodeLineVO(treeId=tree_lock, ruleNodeFrom=rule_lock, ruleNodeTo=rule_luck_award, ruleLimitType=EQUAL, ruleLimitValue=TAKE_OVER)]) code:0000
24-03-29.16:07:52.722 [main            ] INFO  RuleStockTreeNode      - 规则过滤-库存节点, userId: matthew strategy: 100006 award: 102
24-03-29.16:07:52.723 [main            ] INFO  RuleStockTreeNode      - 规则过滤-库存扣减-成功 userId:matthew strategyId:100006 awardId:102
24-03-29.16:07:52.735 [main            ] INFO  DecisionTreeEngine     - 决策树引擎【规则树】treeId:tree_lock node:RuleTreeNodeVO(treeId=tree_lock, ruleKey=rule_stock, ruleDesc=库存扣减规则, ruleValue=null, treeNodeLineVOList=[RuleTreeNodeLineVO(treeId=tree_lock, ruleNodeFrom=rule_stock, ruleNodeTo=rule_luck_award, ruleLimitType=EQUAL, ruleLimitValue=TAKE_OVER)]) code:0000
24-03-29.16:07:52.735 [main            ] INFO  AbstractRaffleStrategy - 抽奖策略计算-规则树 matthew 100006 102 null
24-03-29.16:07:52.735 [main            ] INFO  raffle_test            - 抽奖结果为102
24-03-29.16:07:52.756 [SpringApplicationShutdownHook] INFO  HikariDataSource       - HikariPool-1 - Shutdown initiated...
24-03-29.16:07:52.758 [SpringApplicationShutdownHook] INFO  HikariDataSource       - HikariPool-1 - Shutdown completed.
24-03-29.16:20:43.606 [main            ] INFO  raffle_test            - Starting raffle_test using Java 1.8.0_402 on MatthewdeMacBook-Air.local with PID 37050 (started by matthew in /Users/matthew/Desktop/Marketing system/Marketing-system-app)
24-03-29.16:20:43.607 [main            ] INFO  raffle_test            - The following 1 profile is active: "dev"
24-03-29.16:20:44.396 [main            ] INFO  RepositoryConfigurationDelegate - Multiple Spring Data modules found, entering strict repository configuration mode
24-03-29.16:20:44.398 [main            ] INFO  RepositoryConfigurationDelegate - Bootstrapping Spring Data Redis repositories in DEFAULT mode.
24-03-29.16:20:44.415 [main            ] INFO  RepositoryConfigurationDelegate - Finished Spring Data repository scanning in 8 ms. Found 0 Redis repository interfaces.
24-03-29.16:20:45.207 [main            ] INFO  Version                - Redisson 3.26.0
24-03-29.16:20:45.247 [main            ] WARN  DnsServerAddressStreamProviders - Can not find io.netty.resolver.dns.macos.MacOSDnsServerAddressStreamProvider in the classpath, fallback to system defaults. This may result in incorrect DNS resolutions on MacOS. Check whether you have a dependency on 'io.netty:netty-resolver-dns-native-macos'
24-03-29.16:20:45.378 [redisson-netty-1-4] INFO  ConnectionsHolder      - 1 connections initialized for 127.0.0.1/127.0.0.1:16379
24-03-29.16:20:45.385 [redisson-netty-1-13] INFO  ConnectionsHolder      - 5 connections initialized for 127.0.0.1/127.0.0.1:16379
24-03-29.16:20:46.191 [main            ] INFO  EndpointLinksResolver  - Exposing 1 endpoint(s) beneath base path '/actuator'
24-03-29.16:20:46.225 [main            ] INFO  raffle_test            - Started raffle_test in 2.946 seconds (JVM running for 3.352)
24-03-29.16:20:46.459 [main            ] INFO  HikariDataSource       - HikariPool-1 - Starting...
24-03-29.16:20:46.665 [main            ] INFO  HikariDataSource       - HikariPool-1 - Start completed.
24-03-29.16:20:46.780 [SpringApplicationShutdownHook] INFO  HikariDataSource       - HikariPool-1 - Shutdown initiated...
24-03-29.16:20:46.792 [SpringApplicationShutdownHook] INFO  HikariDataSource       - HikariPool-1 - Shutdown completed.
24-03-29.16:21:21.154 [main            ] INFO  raffle_test            - Starting raffle_test using Java 1.8.0_402 on MatthewdeMacBook-Air.local with PID 37110 (started by matthew in /Users/matthew/Desktop/Marketing system/Marketing-system-app)
24-03-29.16:21:21.155 [main            ] INFO  raffle_test            - The following 1 profile is active: "dev"
24-03-29.16:21:21.779 [main            ] INFO  RepositoryConfigurationDelegate - Multiple Spring Data modules found, entering strict repository configuration mode
24-03-29.16:21:21.781 [main            ] INFO  RepositoryConfigurationDelegate - Bootstrapping Spring Data Redis repositories in DEFAULT mode.
24-03-29.16:21:21.797 [main            ] INFO  RepositoryConfigurationDelegate - Finished Spring Data repository scanning in 8 ms. Found 0 Redis repository interfaces.
24-03-29.16:21:22.514 [main            ] INFO  Version                - Redisson 3.26.0
24-03-29.16:21:22.566 [main            ] WARN  DnsServerAddressStreamProviders - Can not find io.netty.resolver.dns.macos.MacOSDnsServerAddressStreamProvider in the classpath, fallback to system defaults. This may result in incorrect DNS resolutions on MacOS. Check whether you have a dependency on 'io.netty:netty-resolver-dns-native-macos'
24-03-29.16:21:22.710 [redisson-netty-1-4] INFO  ConnectionsHolder      - 1 connections initialized for 127.0.0.1/127.0.0.1:16379
24-03-29.16:21:22.734 [redisson-netty-1-13] INFO  ConnectionsHolder      - 5 connections initialized for 127.0.0.1/127.0.0.1:16379
24-03-29.16:21:23.635 [main            ] INFO  EndpointLinksResolver  - Exposing 1 endpoint(s) beneath base path '/actuator'
24-03-29.16:21:23.684 [main            ] INFO  raffle_test            - Started raffle_test in 2.828 seconds (JVM running for 3.475)
24-03-29.16:21:24.041 [main            ] INFO  HikariDataSource       - HikariPool-1 - Starting...
24-03-29.16:21:24.271 [main            ] INFO  HikariDataSource       - HikariPool-1 - Start completed.
24-03-29.16:22:48.634 [HikariPool-1 housekeeper] WARN  HikariPool             - HikariPool-1 - Thread starvation or clock leap detected (housekeeper delta=1m54s358ms).
24-03-29.16:22:48.684 [SpringApplicationShutdownHook] INFO  HikariDataSource       - HikariPool-1 - Shutdown initiated...
24-03-29.16:22:48.721 [SpringApplicationShutdownHook] INFO  HikariDataSource       - HikariPool-1 - Shutdown completed.
24-03-29.16:22:51.499 [main            ] INFO  raffle_test            - Starting raffle_test using Java 1.8.0_402 on MatthewdeMacBook-Air.local with PID 37246 (started by matthew in /Users/matthew/Desktop/Marketing system/Marketing-system-app)
24-03-29.16:22:51.500 [main            ] INFO  raffle_test            - The following 1 profile is active: "dev"
24-03-29.16:22:52.287 [main            ] INFO  RepositoryConfigurationDelegate - Multiple Spring Data modules found, entering strict repository configuration mode
24-03-29.16:22:52.291 [main            ] INFO  RepositoryConfigurationDelegate - Bootstrapping Spring Data Redis repositories in DEFAULT mode.
24-03-29.16:22:52.323 [main            ] INFO  RepositoryConfigurationDelegate - Finished Spring Data repository scanning in 18 ms. Found 0 Redis repository interfaces.
24-03-29.16:22:53.062 [main            ] INFO  Version                - Redisson 3.26.0
24-03-29.16:22:53.120 [main            ] WARN  DnsServerAddressStreamProviders - Can not find io.netty.resolver.dns.macos.MacOSDnsServerAddressStreamProvider in the classpath, fallback to system defaults. This may result in incorrect DNS resolutions on MacOS. Check whether you have a dependency on 'io.netty:netty-resolver-dns-native-macos'
24-03-29.16:22:53.286 [redisson-netty-1-4] INFO  ConnectionsHolder      - 1 connections initialized for 127.0.0.1/127.0.0.1:16379
24-03-29.16:22:53.316 [redisson-netty-1-13] INFO  ConnectionsHolder      - 5 connections initialized for 127.0.0.1/127.0.0.1:16379
24-03-29.16:22:54.217 [main            ] INFO  EndpointLinksResolver  - Exposing 1 endpoint(s) beneath base path '/actuator'
24-03-29.16:22:54.254 [main            ] INFO  raffle_test            - Started raffle_test in 3.146 seconds (JVM running for 4.07)
24-03-29.16:22:54.543 [main            ] INFO  HikariDataSource       - HikariPool-1 - Starting...
24-03-29.16:22:54.746 [main            ] INFO  HikariDataSource       - HikariPool-1 - Start completed.
24-03-29.16:24:00.512 [HikariPool-1 housekeeper] WARN  HikariPool             - HikariPool-1 - Thread starvation or clock leap detected (housekeeper delta=1m35s765ms).
24-03-29.16:24:00.587 [SpringApplicationShutdownHook] INFO  HikariDataSource       - HikariPool-1 - Shutdown initiated...
24-03-29.16:24:00.600 [SpringApplicationShutdownHook] INFO  HikariDataSource       - HikariPool-1 - Shutdown completed.
24-03-29.16:24:05.300 [main            ] INFO  raffle_test            - Starting raffle_test using Java 1.8.0_402 on MatthewdeMacBook-Air.local with PID 37362 (started by matthew in /Users/matthew/Desktop/Marketing system/Marketing-system-app)
24-03-29.16:24:05.317 [main            ] INFO  raffle_test            - The following 1 profile is active: "dev"
24-03-29.16:24:05.953 [main            ] INFO  RepositoryConfigurationDelegate - Multiple Spring Data modules found, entering strict repository configuration mode
24-03-29.16:24:05.955 [main            ] INFO  RepositoryConfigurationDelegate - Bootstrapping Spring Data Redis repositories in DEFAULT mode.
24-03-29.16:24:05.978 [main            ] INFO  RepositoryConfigurationDelegate - Finished Spring Data repository scanning in 12 ms. Found 0 Redis repository interfaces.
24-03-29.16:24:06.843 [main            ] INFO  Version                - Redisson 3.26.0
24-03-29.16:24:06.898 [main            ] WARN  DnsServerAddressStreamProviders - Can not find io.netty.resolver.dns.macos.MacOSDnsServerAddressStreamProvider in the classpath, fallback to system defaults. This may result in incorrect DNS resolutions on MacOS. Check whether you have a dependency on 'io.netty:netty-resolver-dns-native-macos'
24-03-29.16:24:07.035 [redisson-netty-1-4] INFO  ConnectionsHolder      - 1 connections initialized for 127.0.0.1/127.0.0.1:16379
24-03-29.16:24:07.062 [redisson-netty-1-13] INFO  ConnectionsHolder      - 5 connections initialized for 127.0.0.1/127.0.0.1:16379
24-03-29.16:24:07.939 [main            ] INFO  EndpointLinksResolver  - Exposing 1 endpoint(s) beneath base path '/actuator'
24-03-29.16:24:07.976 [main            ] INFO  raffle_test            - Started raffle_test in 3.002 seconds (JVM running for 3.752)
24-03-29.16:28:44.459 [main            ] INFO  HikariDataSource       - HikariPool-1 - Starting...
24-03-29.16:28:48.391 [main            ] INFO  raffle_test            - Starting raffle_test using Java 1.8.0_402 on MatthewdeMacBook-Air.local with PID 37758 (started by matthew in /Users/matthew/Desktop/Marketing system/Marketing-system-app)
24-03-29.16:28:48.392 [main            ] INFO  raffle_test            - The following 1 profile is active: "dev"
24-03-29.16:28:49.124 [main            ] INFO  RepositoryConfigurationDelegate - Multiple Spring Data modules found, entering strict repository configuration mode
24-03-29.16:28:49.128 [main            ] INFO  RepositoryConfigurationDelegate - Bootstrapping Spring Data Redis repositories in DEFAULT mode.
24-03-29.16:28:49.161 [main            ] INFO  RepositoryConfigurationDelegate - Finished Spring Data repository scanning in 18 ms. Found 0 Redis repository interfaces.
24-03-29.16:28:50.189 [main            ] INFO  Version                - Redisson 3.26.0
24-03-29.16:28:50.253 [main            ] WARN  DnsServerAddressStreamProviders - Can not find io.netty.resolver.dns.macos.MacOSDnsServerAddressStreamProvider in the classpath, fallback to system defaults. This may result in incorrect DNS resolutions on MacOS. Check whether you have a dependency on 'io.netty:netty-resolver-dns-native-macos'
24-03-29.16:28:50.403 [redisson-netty-1-4] INFO  ConnectionsHolder      - 1 connections initialized for 127.0.0.1/127.0.0.1:16379
24-03-29.16:28:50.425 [redisson-netty-1-13] INFO  ConnectionsHolder      - 5 connections initialized for 127.0.0.1/127.0.0.1:16379
24-03-29.16:28:51.315 [main            ] INFO  EndpointLinksResolver  - Exposing 1 endpoint(s) beneath base path '/actuator'
24-03-29.16:28:51.353 [main            ] INFO  raffle_test            - Started raffle_test in 3.246 seconds (JVM running for 3.918)
24-03-29.16:28:56.534 [main            ] INFO  HikariDataSource       - HikariPool-1 - Starting...
24-03-29.16:29:03.943 [main            ] INFO  raffle_test            - Starting raffle_test using Java 1.8.0_402 on MatthewdeMacBook-Air.local with PID 37787 (started by matthew in /Users/matthew/Desktop/Marketing system/Marketing-system-app)
24-03-29.16:29:03.944 [main            ] INFO  raffle_test            - The following 1 profile is active: "dev"
24-03-29.16:29:04.531 [main            ] INFO  RepositoryConfigurationDelegate - Multiple Spring Data modules found, entering strict repository configuration mode
24-03-29.16:29:04.533 [main            ] INFO  RepositoryConfigurationDelegate - Bootstrapping Spring Data Redis repositories in DEFAULT mode.
24-03-29.16:29:04.553 [main            ] INFO  RepositoryConfigurationDelegate - Finished Spring Data repository scanning in 10 ms. Found 0 Redis repository interfaces.
24-03-29.16:29:05.548 [main            ] INFO  Version                - Redisson 3.26.0
24-03-29.16:29:05.598 [main            ] WARN  DnsServerAddressStreamProviders - Can not find io.netty.resolver.dns.macos.MacOSDnsServerAddressStreamProvider in the classpath, fallback to system defaults. This may result in incorrect DNS resolutions on MacOS. Check whether you have a dependency on 'io.netty:netty-resolver-dns-native-macos'
24-03-29.16:29:05.719 [redisson-netty-1-4] INFO  ConnectionsHolder      - 1 connections initialized for 127.0.0.1/127.0.0.1:16379
24-03-29.16:29:05.729 [redisson-netty-1-13] INFO  ConnectionsHolder      - 5 connections initialized for 127.0.0.1/127.0.0.1:16379
24-03-29.16:29:06.544 [main            ] INFO  EndpointLinksResolver  - Exposing 1 endpoint(s) beneath base path '/actuator'
24-03-29.16:29:06.576 [main            ] INFO  raffle_test            - Started raffle_test in 2.94 seconds (JVM running for 3.481)
24-03-29.16:29:06.838 [main            ] INFO  HikariDataSource       - HikariPool-1 - Starting...
24-03-29.16:29:07.031 [main            ] INFO  HikariDataSource       - HikariPool-1 - Start completed.
24-03-29.16:29:07.084 [SpringApplicationShutdownHook] INFO  HikariDataSource       - HikariPool-1 - Shutdown initiated...
24-03-29.16:29:07.086 [SpringApplicationShutdownHook] INFO  HikariDataSource       - HikariPool-1 - Shutdown completed.
24-03-29.16:29:41.077 [main            ] INFO  raffle_test            - Starting raffle_test using Java 1.8.0_402 on MatthewdeMacBook-Air.local with PID 37852 (started by matthew in /Users/matthew/Desktop/Marketing system/Marketing-system-app)
24-03-29.16:29:41.078 [main            ] INFO  raffle_test            - The following 1 profile is active: "dev"
24-03-29.16:29:41.640 [main            ] INFO  RepositoryConfigurationDelegate - Multiple Spring Data modules found, entering strict repository configuration mode
24-03-29.16:29:41.642 [main            ] INFO  RepositoryConfigurationDelegate - Bootstrapping Spring Data Redis repositories in DEFAULT mode.
24-03-29.16:29:41.666 [main            ] INFO  RepositoryConfigurationDelegate - Finished Spring Data repository scanning in 13 ms. Found 0 Redis repository interfaces.
24-03-29.16:29:42.387 [main            ] INFO  Version                - Redisson 3.26.0
24-03-29.16:29:42.438 [main            ] WARN  DnsServerAddressStreamProviders - Can not find io.netty.resolver.dns.macos.MacOSDnsServerAddressStreamProvider in the classpath, fallback to system defaults. This may result in incorrect DNS resolutions on MacOS. Check whether you have a dependency on 'io.netty:netty-resolver-dns-native-macos'
24-03-29.16:29:42.581 [redisson-netty-1-4] INFO  ConnectionsHolder      - 1 connections initialized for 127.0.0.1/127.0.0.1:16379
24-03-29.16:29:42.590 [redisson-netty-1-13] INFO  ConnectionsHolder      - 5 connections initialized for 127.0.0.1/127.0.0.1:16379
24-03-29.16:29:43.362 [main            ] INFO  EndpointLinksResolver  - Exposing 1 endpoint(s) beneath base path '/actuator'
24-03-29.16:29:43.400 [main            ] INFO  raffle_test            - Started raffle_test in 2.574 seconds (JVM running for 3.113)
24-03-29.16:29:43.644 [main            ] INFO  HikariDataSource       - HikariPool-1 - Starting...
24-03-29.16:29:43.857 [main            ] INFO  HikariDataSource       - HikariPool-1 - Start completed.
24-03-29.16:29:43.933 [main            ] INFO  raffle_test            - 装配策略的结果为100006
24-03-29.16:29:43.936 [main            ] INFO  RuleBlackListFilter    - 抽奖前过滤链-黑名单过滤 userId: user001 strategyId: 100006  ruleModel: rule_blacklist
24-03-29.16:29:43.949 [main            ] INFO  RuleBlackListFilter    - 抽奖责任链-黑名单接管 userId: user001 strategyId: 100006 ruleModel: rule_blacklist awardId: 101
24-03-29.16:29:43.950 [main            ] INFO  AbstractRaffleStrategy - 完成责任链流程: userId: user001 strategyId: 100006 awardId: 101 规则: null
24-03-29.16:29:43.950 [main            ] INFO  raffle_test            - 抽奖结果为101
24-03-29.16:29:43.971 [SpringApplicationShutdownHook] INFO  HikariDataSource       - HikariPool-1 - Shutdown initiated...
24-03-29.16:29:43.985 [SpringApplicationShutdownHook] INFO  HikariDataSource       - HikariPool-1 - Shutdown completed.
24-03-29.16:29:59.446 [main            ] INFO  raffle_test            - Starting raffle_test using Java 1.8.0_402 on MatthewdeMacBook-Air.local with PID 37883 (started by matthew in /Users/matthew/Desktop/Marketing system/Marketing-system-app)
24-03-29.16:29:59.446 [main            ] INFO  raffle_test            - The following 1 profile is active: "dev"
24-03-29.16:30:00.039 [main            ] INFO  RepositoryConfigurationDelegate - Multiple Spring Data modules found, entering strict repository configuration mode
24-03-29.16:30:00.041 [main            ] INFO  RepositoryConfigurationDelegate - Bootstrapping Spring Data Redis repositories in DEFAULT mode.
24-03-29.16:30:00.063 [main            ] INFO  RepositoryConfigurationDelegate - Finished Spring Data repository scanning in 14 ms. Found 0 Redis repository interfaces.
24-03-29.16:30:00.899 [main            ] INFO  Version                - Redisson 3.26.0
24-03-29.16:30:00.953 [main            ] WARN  DnsServerAddressStreamProviders - Can not find io.netty.resolver.dns.macos.MacOSDnsServerAddressStreamProvider in the classpath, fallback to system defaults. This may result in incorrect DNS resolutions on MacOS. Check whether you have a dependency on 'io.netty:netty-resolver-dns-native-macos'
24-03-29.16:30:01.102 [redisson-netty-1-5] INFO  ConnectionsHolder      - 1 connections initialized for 127.0.0.1/127.0.0.1:16379
24-03-29.16:30:01.116 [redisson-netty-1-13] INFO  ConnectionsHolder      - 5 connections initialized for 127.0.0.1/127.0.0.1:16379
24-03-29.16:30:02.345 [main            ] INFO  EndpointLinksResolver  - Exposing 1 endpoint(s) beneath base path '/actuator'
24-03-29.16:30:02.411 [main            ] INFO  raffle_test            - Started raffle_test in 3.23 seconds (JVM running for 3.745)
24-03-29.16:30:02.704 [main            ] INFO  raffle_test            - 装配策略的结果为100006
24-03-29.16:30:02.705 [main            ] INFO  RuleBlackListFilter    - 抽奖前过滤链-黑名单过滤 userId: user001 strategyId: 100006  ruleModel: rule_blacklist
24-03-29.16:30:02.726 [main            ] INFO  HikariDataSource       - HikariPool-1 - Starting...
24-03-29.16:30:02.929 [main            ] INFO  HikariDataSource       - HikariPool-1 - Start completed.
24-03-29.16:30:02.953 [main            ] INFO  RuleBlackListFilter    - 抽奖责任链-黑名单接管 userId: user001 strategyId: 100006 ruleModel: rule_blacklist awardId: 101
24-03-29.16:30:02.953 [main            ] INFO  AbstractRaffleStrategy - 完成责任链流程: userId: user001 strategyId: 100006 awardId: 101 规则: null
24-03-29.16:30:02.954 [main            ] INFO  raffle_test            - 抽奖结果为101
24-03-29.16:30:02.978 [SpringApplicationShutdownHook] INFO  HikariDataSource       - HikariPool-1 - Shutdown initiated...
24-03-29.16:30:02.980 [SpringApplicationShutdownHook] INFO  HikariDataSource       - HikariPool-1 - Shutdown completed.
24-03-29.16:30:50.605 [main            ] INFO  raffle_test            - Starting raffle_test using Java 1.8.0_402 on MatthewdeMacBook-Air.local with PID 37962 (started by matthew in /Users/matthew/Desktop/Marketing system/Marketing-system-app)
24-03-29.16:30:50.606 [main            ] INFO  raffle_test            - The following 1 profile is active: "dev"
24-03-29.16:30:51.235 [main            ] INFO  RepositoryConfigurationDelegate - Multiple Spring Data modules found, entering strict repository configuration mode
24-03-29.16:30:51.237 [main            ] INFO  RepositoryConfigurationDelegate - Bootstrapping Spring Data Redis repositories in DEFAULT mode.
24-03-29.16:30:51.261 [main            ] INFO  RepositoryConfigurationDelegate - Finished Spring Data repository scanning in 11 ms. Found 0 Redis repository interfaces.
24-03-29.16:30:52.263 [main            ] INFO  Version                - Redisson 3.26.0
24-03-29.16:30:52.309 [main            ] WARN  DnsServerAddressStreamProviders - Can not find io.netty.resolver.dns.macos.MacOSDnsServerAddressStreamProvider in the classpath, fallback to system defaults. This may result in incorrect DNS resolutions on MacOS. Check whether you have a dependency on 'io.netty:netty-resolver-dns-native-macos'
24-03-29.16:30:52.459 [redisson-netty-1-4] INFO  ConnectionsHolder      - 1 connections initialized for 127.0.0.1/127.0.0.1:16379
24-03-29.16:30:52.468 [redisson-netty-1-13] INFO  ConnectionsHolder      - 5 connections initialized for 127.0.0.1/127.0.0.1:16379
24-03-29.16:30:53.281 [main            ] INFO  EndpointLinksResolver  - Exposing 1 endpoint(s) beneath base path '/actuator'
24-03-29.16:30:53.314 [main            ] INFO  raffle_test            - Started raffle_test in 3.125 seconds (JVM running for 3.672)
24-03-29.16:30:53.554 [main            ] INFO  HikariDataSource       - HikariPool-1 - Starting...
24-03-29.16:30:53.754 [main            ] INFO  HikariDataSource       - HikariPool-1 - Start completed.
24-03-29.16:30:53.838 [main            ] INFO  raffle_test            - 装配策略的结果为100006
24-03-29.16:30:53.868 [SpringApplicationShutdownHook] INFO  HikariDataSource       - HikariPool-1 - Shutdown initiated...
24-03-29.16:30:53.886 [SpringApplicationShutdownHook] INFO  HikariDataSource       - HikariPool-1 - Shutdown completed.
24-03-29.16:31:21.223 [main            ] INFO  raffle_test            - Starting raffle_test using Java 1.8.0_402 on MatthewdeMacBook-Air.local with PID 38047 (started by matthew in /Users/matthew/Desktop/Marketing system/Marketing-system-app)
24-03-29.16:31:21.224 [main            ] INFO  raffle_test            - The following 1 profile is active: "dev"
24-03-29.16:31:21.821 [main            ] INFO  RepositoryConfigurationDelegate - Multiple Spring Data modules found, entering strict repository configuration mode
24-03-29.16:31:21.823 [main            ] INFO  RepositoryConfigurationDelegate - Bootstrapping Spring Data Redis repositories in DEFAULT mode.
24-03-29.16:31:21.846 [main            ] INFO  RepositoryConfigurationDelegate - Finished Spring Data repository scanning in 11 ms. Found 0 Redis repository interfaces.
24-03-29.16:31:22.702 [main            ] INFO  Version                - Redisson 3.26.0
24-03-29.16:31:22.761 [main            ] WARN  DnsServerAddressStreamProviders - Can not find io.netty.resolver.dns.macos.MacOSDnsServerAddressStreamProvider in the classpath, fallback to system defaults. This may result in incorrect DNS resolutions on MacOS. Check whether you have a dependency on 'io.netty:netty-resolver-dns-native-macos'
24-03-29.16:31:22.891 [redisson-netty-1-4] INFO  ConnectionsHolder      - 1 connections initialized for 127.0.0.1/127.0.0.1:16379
24-03-29.16:31:22.899 [redisson-netty-1-13] INFO  ConnectionsHolder      - 5 connections initialized for 127.0.0.1/127.0.0.1:16379
24-03-29.16:31:23.938 [main            ] INFO  EndpointLinksResolver  - Exposing 1 endpoint(s) beneath base path '/actuator'
24-03-29.16:31:24.005 [main            ] INFO  raffle_test            - Started raffle_test in 3.036 seconds (JVM running for 3.483)
24-03-29.16:31:24.362 [main            ] INFO  HikariDataSource       - HikariPool-1 - Starting...
24-03-29.16:31:24.573 [main            ] INFO  HikariDataSource       - HikariPool-1 - Start completed.
24-03-29.16:31:24.604 [main            ] INFO  raffle_test            - 装配策略的结果为100006
24-03-29.16:31:24.632 [SpringApplicationShutdownHook] INFO  HikariDataSource       - HikariPool-1 - Shutdown initiated...
24-03-29.16:31:24.634 [SpringApplicationShutdownHook] INFO  HikariDataSource       - HikariPool-1 - Shutdown completed.
24-03-29.16:31:41.284 [main            ] INFO  raffle_test            - Starting raffle_test using Java 1.8.0_402 on MatthewdeMacBook-Air.local with PID 38080 (started by matthew in /Users/matthew/Desktop/Marketing system/Marketing-system-app)
24-03-29.16:31:41.284 [main            ] INFO  raffle_test            - The following 1 profile is active: "dev"
24-03-29.16:31:41.974 [main            ] INFO  RepositoryConfigurationDelegate - Multiple Spring Data modules found, entering strict repository configuration mode
24-03-29.16:31:41.976 [main            ] INFO  RepositoryConfigurationDelegate - Bootstrapping Spring Data Redis repositories in DEFAULT mode.
24-03-29.16:31:41.998 [main            ] INFO  RepositoryConfigurationDelegate - Finished Spring Data repository scanning in 13 ms. Found 0 Redis repository interfaces.
24-03-29.16:31:42.790 [main            ] INFO  Version                - Redisson 3.26.0
24-03-29.16:31:42.840 [main            ] WARN  DnsServerAddressStreamProviders - Can not find io.netty.resolver.dns.macos.MacOSDnsServerAddressStreamProvider in the classpath, fallback to system defaults. This may result in incorrect DNS resolutions on MacOS. Check whether you have a dependency on 'io.netty:netty-resolver-dns-native-macos'
24-03-29.16:31:42.971 [redisson-netty-1-4] INFO  ConnectionsHolder      - 1 connections initialized for 127.0.0.1/127.0.0.1:16379
24-03-29.16:31:42.979 [redisson-netty-1-13] INFO  ConnectionsHolder      - 5 connections initialized for 127.0.0.1/127.0.0.1:16379
24-03-29.16:31:43.763 [main            ] INFO  EndpointLinksResolver  - Exposing 1 endpoint(s) beneath base path '/actuator'
24-03-29.16:31:43.796 [main            ] INFO  raffle_test            - Started raffle_test in 2.758 seconds (JVM running for 3.245)
24-03-29.16:31:44.020 [main            ] INFO  HikariDataSource       - HikariPool-1 - Starting...
24-03-29.16:31:44.218 [main            ] INFO  HikariDataSource       - HikariPool-1 - Start completed.
24-03-29.16:31:44.300 [main            ] INFO  raffle_test            - 装配策略的结果为100006
24-03-29.16:31:44.303 [main            ] INFO  RuleBlackListFilter    - 抽奖前过滤链-黑名单过滤 userId: user001 strategyId: 100006  ruleModel: rule_blacklist
24-03-29.16:31:44.315 [main            ] INFO  RuleBlackListFilter    - 抽奖责任链-黑名单接管 userId: user001 strategyId: 100006 ruleModel: rule_blacklist awardId: 101
24-03-29.16:31:44.315 [main            ] INFO  AbstractRaffleStrategy - 完成责任链流程: userId: user001 strategyId: 100006 awardId: 101 规则: null
24-03-29.16:31:44.316 [main            ] INFO  raffle_test            - 抽奖结果为101
24-03-29.16:31:44.342 [SpringApplicationShutdownHook] INFO  HikariDataSource       - HikariPool-1 - Shutdown initiated...
24-03-29.16:31:44.352 [SpringApplicationShutdownHook] INFO  HikariDataSource       - HikariPool-1 - Shutdown completed.
24-03-29.16:32:07.314 [main            ] INFO  raffle_test            - Starting raffle_test using Java 1.8.0_402 on MatthewdeMacBook-Air.local with PID 38130 (started by matthew in /Users/matthew/Desktop/Marketing system/Marketing-system-app)
24-03-29.16:32:07.315 [main            ] INFO  raffle_test            - The following 1 profile is active: "dev"
24-03-29.16:32:07.851 [main            ] INFO  RepositoryConfigurationDelegate - Multiple Spring Data modules found, entering strict repository configuration mode
24-03-29.16:32:07.852 [main            ] INFO  RepositoryConfigurationDelegate - Bootstrapping Spring Data Redis repositories in DEFAULT mode.
24-03-29.16:32:07.869 [main            ] INFO  RepositoryConfigurationDelegate - Finished Spring Data repository scanning in 8 ms. Found 0 Redis repository interfaces.
24-03-29.16:32:08.594 [main            ] INFO  Version                - Redisson 3.26.0
24-03-29.16:32:08.639 [main            ] WARN  DnsServerAddressStreamProviders - Can not find io.netty.resolver.dns.macos.MacOSDnsServerAddressStreamProvider in the classpath, fallback to system defaults. This may result in incorrect DNS resolutions on MacOS. Check whether you have a dependency on 'io.netty:netty-resolver-dns-native-macos'
24-03-29.16:32:08.768 [redisson-netty-1-4] INFO  ConnectionsHolder      - 1 connections initialized for 127.0.0.1/127.0.0.1:16379
24-03-29.16:32:08.775 [redisson-netty-1-13] INFO  ConnectionsHolder      - 5 connections initialized for 127.0.0.1/127.0.0.1:16379
24-03-29.16:32:09.582 [main            ] INFO  EndpointLinksResolver  - Exposing 1 endpoint(s) beneath base path '/actuator'
24-03-29.16:32:09.616 [main            ] INFO  raffle_test            - Started raffle_test in 2.582 seconds (JVM running for 3.016)
24-03-29.16:32:09.904 [main            ] INFO  HikariDataSource       - HikariPool-1 - Starting...
24-03-29.16:32:10.116 [main            ] INFO  HikariDataSource       - HikariPool-1 - Start completed.
24-03-29.16:32:10.157 [main            ] INFO  raffle_test            - 装配策略的结果为100006
24-03-29.16:32:10.158 [main            ] INFO  RuleBlackListFilter    - 抽奖前过滤链-黑名单过滤 userId: matthew strategyId: 100006  ruleModel: rule_blacklist
24-03-29.16:32:10.172 [main            ] INFO  RuleBlackListFilter    - 抽奖责任链-黑名单放行 userId: matthew strategyId: 100006 ruleModel: rule_blacklist awardId: 101
24-03-29.16:32:10.173 [main            ] INFO  RuleWeightFilter       - 抽奖前过滤链-权重范围 userId:matthew strategyId:100006 ruleModel:rule_weight
24-03-29.16:32:10.176 [main            ] INFO  RuleWeightFilter       - 抽奖责任链-权重接管 userId: matthew strategyId: 100006 ruleModel: rule_weight awardId: 103
24-03-29.16:32:10.176 [main            ] INFO  AbstractRaffleStrategy - 完成责任链流程: userId: matthew strategyId: 100006 awardId: 103 规则: rule_weight
24-03-29.16:32:10.177 [main            ] INFO  raffle_test            - 抽奖结果为103
24-03-29.16:32:10.208 [SpringApplicationShutdownHook] INFO  HikariDataSource       - HikariPool-1 - Shutdown initiated...
24-03-29.16:32:10.211 [SpringApplicationShutdownHook] INFO  HikariDataSource       - HikariPool-1 - Shutdown completed.
24-03-29.16:33:14.283 [main            ] INFO  raffle_test            - Starting raffle_test using Java 1.8.0_402 on MatthewdeMacBook-Air.local with PID 38225 (started by matthew in /Users/matthew/Desktop/Marketing system/Marketing-system-app)
24-03-29.16:33:14.283 [main            ] INFO  raffle_test            - The following 1 profile is active: "dev"
24-03-29.16:33:14.818 [main            ] INFO  RepositoryConfigurationDelegate - Multiple Spring Data modules found, entering strict repository configuration mode
24-03-29.16:33:14.820 [main            ] INFO  RepositoryConfigurationDelegate - Bootstrapping Spring Data Redis repositories in DEFAULT mode.
24-03-29.16:33:14.842 [main            ] INFO  RepositoryConfigurationDelegate - Finished Spring Data repository scanning in 13 ms. Found 0 Redis repository interfaces.
24-03-29.16:33:15.547 [main            ] INFO  Version                - Redisson 3.26.0
24-03-29.16:33:15.595 [main            ] WARN  DnsServerAddressStreamProviders - Can not find io.netty.resolver.dns.macos.MacOSDnsServerAddressStreamProvider in the classpath, fallback to system defaults. This may result in incorrect DNS resolutions on MacOS. Check whether you have a dependency on 'io.netty:netty-resolver-dns-native-macos'
24-03-29.16:33:15.730 [redisson-netty-1-4] INFO  ConnectionsHolder      - 1 connections initialized for 127.0.0.1/127.0.0.1:16379
24-03-29.16:33:15.738 [redisson-netty-1-13] INFO  ConnectionsHolder      - 5 connections initialized for 127.0.0.1/127.0.0.1:16379
24-03-29.16:33:16.521 [main            ] INFO  EndpointLinksResolver  - Exposing 1 endpoint(s) beneath base path '/actuator'
24-03-29.16:33:16.552 [main            ] INFO  raffle_test            - Started raffle_test in 2.675 seconds (JVM running for 3.131)
24-03-29.16:33:16.785 [main            ] INFO  HikariDataSource       - HikariPool-1 - Starting...
24-03-29.16:33:16.990 [main            ] INFO  HikariDataSource       - HikariPool-1 - Start completed.
24-03-29.16:33:17.069 [main            ] INFO  raffle_test            - 装配策略的结果为100006
24-03-29.16:33:17.071 [main            ] INFO  RuleBlackListFilter    - 抽奖前过滤链-黑名单过滤 userId: matthew strategyId: 100006  ruleModel: rule_blacklist
24-03-29.16:33:17.083 [main            ] INFO  RuleBlackListFilter    - 抽奖责任链-黑名单放行 userId: matthew strategyId: 100006 ruleModel: rule_blacklist awardId: 101
24-03-29.16:33:17.083 [main            ] INFO  RuleWeightFilter       - 抽奖前过滤链-权重范围 userId:matthew strategyId:100006 ruleModel:rule_weight
24-03-29.16:33:17.086 [main            ] INFO  RuleWeightFilter       - 抽奖责任链-权重接管 userId: matthew strategyId: 100006 ruleModel: rule_weight awardId: 103
24-03-29.16:33:17.086 [main            ] INFO  AbstractRaffleStrategy - 完成责任链流程: userId: matthew strategyId: 100006 awardId: 103 规则: rule_weight
24-03-29.16:33:17.086 [main            ] INFO  raffle_test            - 抽奖结果为103
24-03-29.16:33:17.109 [SpringApplicationShutdownHook] INFO  HikariDataSource       - HikariPool-1 - Shutdown initiated...
24-03-29.16:33:17.119 [SpringApplicationShutdownHook] INFO  HikariDataSource       - HikariPool-1 - Shutdown completed.
24-03-29.16:45:29.078 [main            ] INFO  raffle_test            - Starting raffle_test using Java 1.8.0_402 on MatthewdeMacBook-Air.local with PID 39315 (started by matthew in /Users/matthew/Desktop/Marketing system/Marketing-system-app)
24-03-29.16:45:29.079 [main            ] INFO  raffle_test            - The following 1 profile is active: "dev"
24-03-29.16:45:29.780 [main            ] INFO  RepositoryConfigurationDelegate - Multiple Spring Data modules found, entering strict repository configuration mode
24-03-29.16:45:29.783 [main            ] INFO  RepositoryConfigurationDelegate - Bootstrapping Spring Data Redis repositories in DEFAULT mode.
24-03-29.16:45:29.809 [main            ] INFO  RepositoryConfigurationDelegate - Finished Spring Data repository scanning in 14 ms. Found 0 Redis repository interfaces.
24-03-29.16:45:30.622 [main            ] INFO  Version                - Redisson 3.26.0
24-03-29.16:45:30.674 [main            ] WARN  DnsServerAddressStreamProviders - Can not find io.netty.resolver.dns.macos.MacOSDnsServerAddressStreamProvider in the classpath, fallback to system defaults. This may result in incorrect DNS resolutions on MacOS. Check whether you have a dependency on 'io.netty:netty-resolver-dns-native-macos'
24-03-29.16:45:30.809 [redisson-netty-1-4] INFO  ConnectionsHolder      - 1 connections initialized for 127.0.0.1/127.0.0.1:16379
24-03-29.16:45:30.818 [redisson-netty-1-13] INFO  ConnectionsHolder      - 5 connections initialized for 127.0.0.1/127.0.0.1:16379
24-03-29.16:45:31.600 [main            ] INFO  EndpointLinksResolver  - Exposing 1 endpoint(s) beneath base path '/actuator'
24-03-29.16:45:31.632 [main            ] INFO  raffle_test            - Started raffle_test in 2.923 seconds (JVM running for 3.356)
24-03-29.16:45:31.862 [main            ] INFO  HikariDataSource       - HikariPool-1 - Starting...
24-03-29.16:45:32.068 [main            ] INFO  HikariDataSource       - HikariPool-1 - Start completed.
24-03-29.16:45:32.160 [SpringApplicationShutdownHook] INFO  HikariDataSource       - HikariPool-1 - Shutdown initiated...
24-03-29.16:45:32.163 [SpringApplicationShutdownHook] INFO  HikariDataSource       - HikariPool-1 - Shutdown completed.
24-03-29.16:45:48.857 [main            ] INFO  raffle_test            - Starting raffle_test using Java 1.8.0_402 on MatthewdeMacBook-Air.local with PID 39351 (started by matthew in /Users/matthew/Desktop/Marketing system/Marketing-system-app)
24-03-29.16:45:48.857 [main            ] INFO  raffle_test            - The following 1 profile is active: "dev"
24-03-29.16:45:49.600 [main            ] INFO  RepositoryConfigurationDelegate - Multiple Spring Data modules found, entering strict repository configuration mode
24-03-29.16:45:49.603 [main            ] INFO  RepositoryConfigurationDelegate - Bootstrapping Spring Data Redis repositories in DEFAULT mode.
24-03-29.16:45:49.621 [main            ] INFO  RepositoryConfigurationDelegate - Finished Spring Data repository scanning in 10 ms. Found 0 Redis repository interfaces.
24-03-29.16:45:50.492 [main            ] INFO  Version                - Redisson 3.26.0
24-03-29.16:45:50.548 [main            ] WARN  DnsServerAddressStreamProviders - Can not find io.netty.resolver.dns.macos.MacOSDnsServerAddressStreamProvider in the classpath, fallback to system defaults. This may result in incorrect DNS resolutions on MacOS. Check whether you have a dependency on 'io.netty:netty-resolver-dns-native-macos'
24-03-29.16:45:50.694 [redisson-netty-1-4] INFO  ConnectionsHolder      - 1 connections initialized for 127.0.0.1/127.0.0.1:16379
24-03-29.16:45:50.727 [redisson-netty-1-13] INFO  ConnectionsHolder      - 5 connections initialized for 127.0.0.1/127.0.0.1:16379
24-03-29.16:45:51.857 [main            ] INFO  EndpointLinksResolver  - Exposing 1 endpoint(s) beneath base path '/actuator'
24-03-29.16:45:51.896 [main            ] INFO  raffle_test            - Started raffle_test in 3.431 seconds (JVM running for 4.272)
24-03-29.16:48:39.399 [main            ] INFO  raffle_test            - Starting raffle_test using Java 1.8.0_402 on MatthewdeMacBook-Air.local with PID 39619 (started by matthew in /Users/matthew/Desktop/Marketing system/Marketing-system-app)
24-03-29.16:48:39.399 [main            ] INFO  raffle_test            - The following 1 profile is active: "dev"
24-03-29.16:48:40.174 [main            ] INFO  RepositoryConfigurationDelegate - Multiple Spring Data modules found, entering strict repository configuration mode
24-03-29.16:48:40.182 [main            ] INFO  RepositoryConfigurationDelegate - Bootstrapping Spring Data Redis repositories in DEFAULT mode.
24-03-29.16:48:40.204 [main            ] INFO  RepositoryConfigurationDelegate - Finished Spring Data repository scanning in 12 ms. Found 0 Redis repository interfaces.
24-03-29.16:48:41.154 [main            ] INFO  Version                - Redisson 3.26.0
24-03-29.16:48:41.207 [main            ] WARN  DnsServerAddressStreamProviders - Can not find io.netty.resolver.dns.macos.MacOSDnsServerAddressStreamProvider in the classpath, fallback to system defaults. This may result in incorrect DNS resolutions on MacOS. Check whether you have a dependency on 'io.netty:netty-resolver-dns-native-macos'
24-03-29.16:48:41.373 [redisson-netty-1-4] INFO  ConnectionsHolder      - 1 connections initialized for 127.0.0.1/127.0.0.1:16379
24-03-29.16:48:41.392 [redisson-netty-1-13] INFO  ConnectionsHolder      - 5 connections initialized for 127.0.0.1/127.0.0.1:16379
24-03-29.16:48:42.292 [main            ] INFO  EndpointLinksResolver  - Exposing 1 endpoint(s) beneath base path '/actuator'
24-03-29.16:48:42.333 [main            ] INFO  raffle_test            - Started raffle_test in 3.236 seconds (JVM running for 3.905)
24-03-29.16:48:45.674 [main            ] INFO  raffle_test            - Starting raffle_test using Java 1.8.0_402 on MatthewdeMacBook-Air.local with PID 39629 (started by matthew in /Users/matthew/Desktop/Marketing system/Marketing-system-app)
24-03-29.16:48:45.674 [main            ] INFO  raffle_test            - The following 1 profile is active: "dev"
24-03-29.16:48:46.375 [main            ] INFO  RepositoryConfigurationDelegate - Multiple Spring Data modules found, entering strict repository configuration mode
24-03-29.16:48:46.378 [main            ] INFO  RepositoryConfigurationDelegate - Bootstrapping Spring Data Redis repositories in DEFAULT mode.
24-03-29.16:48:46.414 [main            ] INFO  RepositoryConfigurationDelegate - Finished Spring Data repository scanning in 13 ms. Found 0 Redis repository interfaces.
24-03-29.16:48:47.440 [main            ] INFO  Version                - Redisson 3.26.0
24-03-29.16:48:47.513 [main            ] WARN  DnsServerAddressStreamProviders - Can not find io.netty.resolver.dns.macos.MacOSDnsServerAddressStreamProvider in the classpath, fallback to system defaults. This may result in incorrect DNS resolutions on MacOS. Check whether you have a dependency on 'io.netty:netty-resolver-dns-native-macos'
24-03-29.16:48:47.656 [redisson-netty-1-4] INFO  ConnectionsHolder      - 1 connections initialized for 127.0.0.1/127.0.0.1:16379
24-03-29.16:48:47.680 [redisson-netty-1-13] INFO  ConnectionsHolder      - 5 connections initialized for 127.0.0.1/127.0.0.1:16379
24-03-29.16:48:48.910 [main            ] INFO  EndpointLinksResolver  - Exposing 1 endpoint(s) beneath base path '/actuator'
24-03-29.16:48:48.969 [main            ] INFO  raffle_test            - Started raffle_test in 3.614 seconds (JVM running for 4.206)
24-03-29.16:48:54.812 [main            ] INFO  raffle_test            - Starting raffle_test using Java 1.8.0_402 on MatthewdeMacBook-Air.local with PID 39646 (started by matthew in /Users/matthew/Desktop/Marketing system/Marketing-system-app)
24-03-29.16:48:54.813 [main            ] INFO  raffle_test            - The following 1 profile is active: "dev"
24-03-29.16:48:55.401 [main            ] INFO  RepositoryConfigurationDelegate - Multiple Spring Data modules found, entering strict repository configuration mode
24-03-29.16:48:55.406 [main            ] INFO  RepositoryConfigurationDelegate - Bootstrapping Spring Data Redis repositories in DEFAULT mode.
24-03-29.16:48:55.437 [main            ] INFO  RepositoryConfigurationDelegate - Finished Spring Data repository scanning in 15 ms. Found 0 Redis repository interfaces.
24-03-29.16:48:56.176 [main            ] INFO  Version                - Redisson 3.26.0
24-03-29.16:48:56.232 [main            ] WARN  DnsServerAddressStreamProviders - Can not find io.netty.resolver.dns.macos.MacOSDnsServerAddressStreamProvider in the classpath, fallback to system defaults. This may result in incorrect DNS resolutions on MacOS. Check whether you have a dependency on 'io.netty:netty-resolver-dns-native-macos'
24-03-29.16:48:56.369 [redisson-netty-1-4] INFO  ConnectionsHolder      - 1 connections initialized for 127.0.0.1/127.0.0.1:16379
24-03-29.16:48:56.376 [redisson-netty-1-13] INFO  ConnectionsHolder      - 5 connections initialized for 127.0.0.1/127.0.0.1:16379
24-03-29.16:48:57.173 [main            ] INFO  EndpointLinksResolver  - Exposing 1 endpoint(s) beneath base path '/actuator'
24-03-29.16:48:57.208 [main            ] INFO  raffle_test            - Started raffle_test in 2.68 seconds (JVM running for 3.325)
24-03-29.16:48:57.441 [main            ] INFO  HikariDataSource       - HikariPool-1 - Starting...
24-03-29.16:48:57.648 [main            ] INFO  HikariDataSource       - HikariPool-1 - Start completed.
24-03-29.16:48:57.713 [main            ] INFO  raffle_test            - 装配策略的结果为100006
24-03-29.16:48:57.720 [main            ] INFO  DefaultChainFilter     - 抽奖责任链-默认处理 userId: matthew strategyId: 100006 ruleModel: rule_default awardId: 102
24-03-29.16:48:57.720 [main            ] INFO  AbstractRaffleStrategy - 完成责任链流程: userId: matthew strategyId: 100006 awardId: 102 规则: rule_default
24-03-29.16:48:57.732 [main            ] INFO  RuleLockTreeNode       - 规则过滤-次数锁 userId:matthew strategyId:100006 awardId:102
24-03-29.16:48:57.746 [main            ] INFO  RuleLockTreeNode       - 决策树-用户抽奖次数满足奖品要求-次数锁节点放行
24-03-29.16:48:57.747 [main            ] INFO  DecisionTreeEngine     - 决策树引擎【规则树】treeId:tree_lock node:RuleTreeNodeVO(treeId=tree_lock, ruleKey=rule_lock, ruleDesc=限定用户已完成N次抽奖后解锁, ruleValue=1, treeNodeLineVOList=[RuleTreeNodeLineVO(treeId=tree_lock, ruleNodeFrom=rule_lock, ruleNodeTo=rule_stock, ruleLimitType=EQUAL, ruleLimitValue=ALLOW), RuleTreeNodeLineVO(treeId=tree_lock, ruleNodeFrom=rule_lock, ruleNodeTo=rule_luck_award, ruleLimitType=EQUAL, ruleLimitValue=TAKE_OVER)]) code:0000
24-03-29.16:48:57.747 [main            ] INFO  RuleStockTreeNode      - 规则过滤-库存节点, userId: matthew strategy: 100006 award: 102
24-03-29.16:48:57.748 [main            ] INFO  RuleStockTreeNode      - 规则过滤-库存扣减-成功 userId:matthew strategyId:100006 awardId:102
24-03-29.16:48:57.764 [main            ] INFO  DecisionTreeEngine     - 决策树引擎【规则树】treeId:tree_lock node:RuleTreeNodeVO(treeId=tree_lock, ruleKey=rule_stock, ruleDesc=库存扣减规则, ruleValue=null, treeNodeLineVOList=[RuleTreeNodeLineVO(treeId=tree_lock, ruleNodeFrom=rule_stock, ruleNodeTo=rule_luck_award, ruleLimitType=EQUAL, ruleLimitValue=TAKE_OVER)]) code:0000
24-03-29.16:48:57.764 [main            ] INFO  AbstractRaffleStrategy - 完成规则树流程: userId: matthew strategyId: 100006 awardId: 102 规则: null
24-03-29.16:48:57.765 [main            ] INFO  raffle_test            - 抽奖结果为102
24-03-29.16:48:57.794 [SpringApplicationShutdownHook] INFO  HikariDataSource       - HikariPool-1 - Shutdown initiated...
24-03-29.16:48:57.799 [SpringApplicationShutdownHook] INFO  HikariDataSource       - HikariPool-1 - Shutdown completed.
24-03-29.16:49:03.440 [main            ] INFO  raffle_test            - Starting raffle_test using Java 1.8.0_402 on MatthewdeMacBook-Air.local with PID 39665 (started by matthew in /Users/matthew/Desktop/Marketing system/Marketing-system-app)
24-03-29.16:49:03.441 [main            ] INFO  raffle_test            - The following 1 profile is active: "dev"
24-03-29.16:49:03.998 [main            ] INFO  RepositoryConfigurationDelegate - Multiple Spring Data modules found, entering strict repository configuration mode
24-03-29.16:49:04.000 [main            ] INFO  RepositoryConfigurationDelegate - Bootstrapping Spring Data Redis repositories in DEFAULT mode.
24-03-29.16:49:04.023 [main            ] INFO  RepositoryConfigurationDelegate - Finished Spring Data repository scanning in 12 ms. Found 0 Redis repository interfaces.
24-03-29.16:49:05.068 [main            ] INFO  Version                - Redisson 3.26.0
24-03-29.16:49:05.125 [main            ] WARN  DnsServerAddressStreamProviders - Can not find io.netty.resolver.dns.macos.MacOSDnsServerAddressStreamProvider in the classpath, fallback to system defaults. This may result in incorrect DNS resolutions on MacOS. Check whether you have a dependency on 'io.netty:netty-resolver-dns-native-macos'
24-03-29.16:49:05.328 [redisson-netty-1-4] INFO  ConnectionsHolder      - 1 connections initialized for 127.0.0.1/127.0.0.1:16379
24-03-29.16:49:05.341 [redisson-netty-1-13] INFO  ConnectionsHolder      - 5 connections initialized for 127.0.0.1/127.0.0.1:16379
24-03-29.16:49:06.177 [main            ] INFO  EndpointLinksResolver  - Exposing 1 endpoint(s) beneath base path '/actuator'
24-03-29.16:49:06.217 [main            ] INFO  raffle_test            - Started raffle_test in 3.102 seconds (JVM running for 3.644)
24-03-29.16:49:06.490 [main            ] INFO  HikariDataSource       - HikariPool-1 - Starting...
24-03-29.16:49:06.701 [main            ] INFO  HikariDataSource       - HikariPool-1 - Start completed.
24-03-29.16:49:06.729 [main            ] INFO  raffle_test            - 装配策略的结果为100006
24-03-29.16:49:06.741 [main            ] INFO  DefaultChainFilter     - 抽奖责任链-默认处理 userId: matthew strategyId: 100006 ruleModel: rule_default awardId: 102
24-03-29.16:49:06.741 [main            ] INFO  AbstractRaffleStrategy - 完成责任链流程: userId: matthew strategyId: 100006 awardId: 102 规则: rule_default
24-03-29.16:49:06.751 [main            ] INFO  RuleLockTreeNode       - 规则过滤-次数锁 userId:matthew strategyId:100006 awardId:102
24-03-29.16:49:06.762 [main            ] INFO  RuleLockTreeNode       - 决策树-用户抽奖次数满足奖品要求-次数锁节点放行
24-03-29.16:49:06.763 [main            ] INFO  DecisionTreeEngine     - 决策树引擎【规则树】treeId:tree_lock node:RuleTreeNodeVO(treeId=tree_lock, ruleKey=rule_lock, ruleDesc=限定用户已完成N次抽奖后解锁, ruleValue=1, treeNodeLineVOList=[RuleTreeNodeLineVO(treeId=tree_lock, ruleNodeFrom=rule_lock, ruleNodeTo=rule_stock, ruleLimitType=EQUAL, ruleLimitValue=ALLOW), RuleTreeNodeLineVO(treeId=tree_lock, ruleNodeFrom=rule_lock, ruleNodeTo=rule_luck_award, ruleLimitType=EQUAL, ruleLimitValue=TAKE_OVER)]) code:0000
24-03-29.16:49:06.763 [main            ] INFO  RuleStockTreeNode      - 规则过滤-库存节点, userId: matthew strategy: 100006 award: 102
24-03-29.16:49:06.765 [main            ] INFO  RuleStockTreeNode      - 规则过滤-库存扣减-成功 userId:matthew strategyId:100006 awardId:102
24-03-29.16:49:06.777 [main            ] INFO  DecisionTreeEngine     - 决策树引擎【规则树】treeId:tree_lock node:RuleTreeNodeVO(treeId=tree_lock, ruleKey=rule_stock, ruleDesc=库存扣减规则, ruleValue=null, treeNodeLineVOList=[RuleTreeNodeLineVO(treeId=tree_lock, ruleNodeFrom=rule_stock, ruleNodeTo=rule_luck_award, ruleLimitType=EQUAL, ruleLimitValue=TAKE_OVER)]) code:0000
24-03-29.16:49:06.777 [main            ] INFO  AbstractRaffleStrategy - 完成规则树流程: userId: matthew strategyId: 100006 awardId: 102 规则: null
24-03-29.16:49:06.777 [main            ] INFO  raffle_test            - 抽奖结果为102
24-03-29.16:49:06.797 [SpringApplicationShutdownHook] INFO  HikariDataSource       - HikariPool-1 - Shutdown initiated...
24-03-29.16:49:06.799 [SpringApplicationShutdownHook] INFO  HikariDataSource       - HikariPool-1 - Shutdown completed.
24-03-29.16:49:11.351 [main            ] INFO  raffle_test            - Starting raffle_test using Java 1.8.0_402 on MatthewdeMacBook-Air.local with PID 39679 (started by matthew in /Users/matthew/Desktop/Marketing system/Marketing-system-app)
24-03-29.16:49:11.351 [main            ] INFO  raffle_test            - The following 1 profile is active: "dev"
24-03-29.16:49:12.122 [main            ] INFO  RepositoryConfigurationDelegate - Multiple Spring Data modules found, entering strict repository configuration mode
24-03-29.16:49:12.125 [main            ] INFO  RepositoryConfigurationDelegate - Bootstrapping Spring Data Redis repositories in DEFAULT mode.
24-03-29.16:49:12.159 [main            ] INFO  RepositoryConfigurationDelegate - Finished Spring Data repository scanning in 17 ms. Found 0 Redis repository interfaces.
24-03-29.16:49:13.019 [main            ] INFO  Version                - Redisson 3.26.0
24-03-29.16:49:13.059 [main            ] WARN  DnsServerAddressStreamProviders - Can not find io.netty.resolver.dns.macos.MacOSDnsServerAddressStreamProvider in the classpath, fallback to system defaults. This may result in incorrect DNS resolutions on MacOS. Check whether you have a dependency on 'io.netty:netty-resolver-dns-native-macos'
24-03-29.16:49:13.182 [redisson-netty-1-4] INFO  ConnectionsHolder      - 1 connections initialized for 127.0.0.1/127.0.0.1:16379
24-03-29.16:49:13.190 [redisson-netty-1-13] INFO  ConnectionsHolder      - 5 connections initialized for 127.0.0.1/127.0.0.1:16379
24-03-29.16:49:14.060 [main            ] INFO  EndpointLinksResolver  - Exposing 1 endpoint(s) beneath base path '/actuator'
24-03-29.16:49:14.096 [main            ] INFO  raffle_test            - Started raffle_test in 3.061 seconds (JVM running for 3.493)
24-03-29.16:49:14.348 [main            ] INFO  HikariDataSource       - HikariPool-1 - Starting...
24-03-29.16:49:14.516 [main            ] INFO  HikariDataSource       - HikariPool-1 - Start completed.
24-03-29.16:49:14.536 [main            ] INFO  raffle_test            - 装配策略的结果为100006
24-03-29.16:49:14.546 [main            ] INFO  DefaultChainFilter     - 抽奖责任链-默认处理 userId: matthew strategyId: 100006 ruleModel: rule_default awardId: 102
24-03-29.16:49:14.546 [main            ] INFO  AbstractRaffleStrategy - 完成责任链流程: userId: matthew strategyId: 100006 awardId: 102 规则: rule_default
24-03-29.16:49:14.551 [main            ] INFO  RuleLockTreeNode       - 规则过滤-次数锁 userId:matthew strategyId:100006 awardId:102
24-03-29.16:49:14.567 [main            ] INFO  RuleLockTreeNode       - 决策树-用户抽奖次数满足奖品要求-次数锁节点放行
24-03-29.16:49:14.568 [main            ] INFO  DecisionTreeEngine     - 决策树引擎【规则树】treeId:tree_lock node:RuleTreeNodeVO(treeId=tree_lock, ruleKey=rule_lock, ruleDesc=限定用户已完成N次抽奖后解锁, ruleValue=1, treeNodeLineVOList=[RuleTreeNodeLineVO(treeId=tree_lock, ruleNodeFrom=rule_lock, ruleNodeTo=rule_stock, ruleLimitType=EQUAL, ruleLimitValue=ALLOW), RuleTreeNodeLineVO(treeId=tree_lock, ruleNodeFrom=rule_lock, ruleNodeTo=rule_luck_award, ruleLimitType=EQUAL, ruleLimitValue=TAKE_OVER)]) code:0000
24-03-29.16:49:14.568 [main            ] INFO  RuleStockTreeNode      - 规则过滤-库存节点, userId: matthew strategy: 100006 award: 102
24-03-29.16:49:14.571 [main            ] INFO  RuleStockTreeNode      - 规则过滤-库存扣减-成功 userId:matthew strategyId:100006 awardId:102
24-03-29.16:49:14.588 [main            ] INFO  DecisionTreeEngine     - 决策树引擎【规则树】treeId:tree_lock node:RuleTreeNodeVO(treeId=tree_lock, ruleKey=rule_stock, ruleDesc=库存扣减规则, ruleValue=null, treeNodeLineVOList=[RuleTreeNodeLineVO(treeId=tree_lock, ruleNodeFrom=rule_stock, ruleNodeTo=rule_luck_award, ruleLimitType=EQUAL, ruleLimitValue=TAKE_OVER)]) code:0000
24-03-29.16:49:14.589 [main            ] INFO  AbstractRaffleStrategy - 完成规则树流程: userId: matthew strategyId: 100006 awardId: 102 规则: null
24-03-29.16:49:14.589 [main            ] INFO  raffle_test            - 抽奖结果为102
24-03-29.16:49:14.619 [SpringApplicationShutdownHook] INFO  HikariDataSource       - HikariPool-1 - Shutdown initiated...
24-03-29.16:49:14.637 [SpringApplicationShutdownHook] INFO  HikariDataSource       - HikariPool-1 - Shutdown completed.
24-03-29.16:49:31.376 [main            ] INFO  raffle_test            - Starting raffle_test using Java 1.8.0_402 on MatthewdeMacBook-Air.local with PID 39713 (started by matthew in /Users/matthew/Desktop/Marketing system/Marketing-system-app)
24-03-29.16:49:31.377 [main            ] INFO  raffle_test            - The following 1 profile is active: "dev"
24-03-29.16:49:32.064 [main            ] INFO  RepositoryConfigurationDelegate - Multiple Spring Data modules found, entering strict repository configuration mode
24-03-29.16:49:32.065 [main            ] INFO  RepositoryConfigurationDelegate - Bootstrapping Spring Data Redis repositories in DEFAULT mode.
24-03-29.16:49:32.086 [main            ] INFO  RepositoryConfigurationDelegate - Finished Spring Data repository scanning in 11 ms. Found 0 Redis repository interfaces.
24-03-29.16:49:32.875 [main            ] INFO  Version                - Redisson 3.26.0
24-03-29.16:49:32.917 [main            ] WARN  DnsServerAddressStreamProviders - Can not find io.netty.resolver.dns.macos.MacOSDnsServerAddressStreamProvider in the classpath, fallback to system defaults. This may result in incorrect DNS resolutions on MacOS. Check whether you have a dependency on 'io.netty:netty-resolver-dns-native-macos'
24-03-29.16:49:33.045 [redisson-netty-1-4] INFO  ConnectionsHolder      - 1 connections initialized for 127.0.0.1/127.0.0.1:16379
24-03-29.16:49:33.053 [redisson-netty-1-13] INFO  ConnectionsHolder      - 5 connections initialized for 127.0.0.1/127.0.0.1:16379
24-03-29.16:49:33.848 [main            ] INFO  EndpointLinksResolver  - Exposing 1 endpoint(s) beneath base path '/actuator'
24-03-29.16:49:33.880 [main            ] INFO  raffle_test            - Started raffle_test in 2.92 seconds (JVM running for 3.422)
24-03-29.16:49:34.146 [main            ] INFO  HikariDataSource       - HikariPool-1 - Starting...
24-03-29.16:49:34.343 [main            ] INFO  HikariDataSource       - HikariPool-1 - Start completed.
24-03-29.16:49:34.368 [main            ] INFO  raffle_test            - 装配策略的结果为100006
24-03-29.16:49:34.378 [main            ] INFO  DefaultChainFilter     - 抽奖责任链-默认处理 userId: matthew strategyId: 100006 ruleModel: rule_default awardId: 102
24-03-29.16:49:34.378 [main            ] INFO  AbstractRaffleStrategy - 完成责任链流程: userId: matthew strategyId: 100006 awardId: 102 规则: rule_default
24-03-29.16:49:34.385 [main            ] INFO  RuleLockTreeNode       - 规则过滤-次数锁 userId:matthew strategyId:100006 awardId:102
24-03-29.16:49:34.397 [main            ] INFO  RuleLockTreeNode       - 决策树-用户抽奖次数满足奖品要求-次数锁节点放行
24-03-29.16:49:34.397 [main            ] INFO  DecisionTreeEngine     - 决策树引擎【规则树】treeId:tree_lock node:RuleTreeNodeVO(treeId=tree_lock, ruleKey=rule_lock, ruleDesc=限定用户已完成N次抽奖后解锁, ruleValue=1, treeNodeLineVOList=[RuleTreeNodeLineVO(treeId=tree_lock, ruleNodeFrom=rule_lock, ruleNodeTo=rule_stock, ruleLimitType=EQUAL, ruleLimitValue=ALLOW), RuleTreeNodeLineVO(treeId=tree_lock, ruleNodeFrom=rule_lock, ruleNodeTo=rule_luck_award, ruleLimitType=EQUAL, ruleLimitValue=TAKE_OVER)]) code:0000
24-03-29.16:49:34.397 [main            ] INFO  RuleStockTreeNode      - 规则过滤-库存节点, userId: matthew strategy: 100006 award: 102
24-03-29.16:49:34.399 [main            ] INFO  RuleStockTreeNode      - 规则过滤-库存扣减-成功 userId:matthew strategyId:100006 awardId:102
24-03-29.16:49:34.410 [main            ] INFO  DecisionTreeEngine     - 决策树引擎【规则树】treeId:tree_lock node:RuleTreeNodeVO(treeId=tree_lock, ruleKey=rule_stock, ruleDesc=库存扣减规则, ruleValue=null, treeNodeLineVOList=[RuleTreeNodeLineVO(treeId=tree_lock, ruleNodeFrom=rule_stock, ruleNodeTo=rule_luck_award, ruleLimitType=EQUAL, ruleLimitValue=TAKE_OVER)]) code:0000
24-03-29.16:49:34.410 [main            ] INFO  AbstractRaffleStrategy - 完成规则树流程: userId: matthew strategyId: 100006 awardId: 102 规则: null
24-03-29.16:49:34.411 [main            ] INFO  raffle_test            - 抽奖结果为102
24-03-29.16:49:34.429 [SpringApplicationShutdownHook] INFO  HikariDataSource       - HikariPool-1 - Shutdown initiated...
24-03-29.16:49:34.431 [SpringApplicationShutdownHook] INFO  HikariDataSource       - HikariPool-1 - Shutdown completed.
24-03-29.16:49:41.134 [main            ] INFO  raffle_test            - Starting raffle_test using Java 1.8.0_402 on MatthewdeMacBook-Air.local with PID 39729 (started by matthew in /Users/matthew/Desktop/Marketing system/Marketing-system-app)
24-03-29.16:49:41.135 [main            ] INFO  raffle_test            - The following 1 profile is active: "dev"
24-03-29.16:49:41.888 [main            ] INFO  RepositoryConfigurationDelegate - Multiple Spring Data modules found, entering strict repository configuration mode
24-03-29.16:49:41.890 [main            ] INFO  RepositoryConfigurationDelegate - Bootstrapping Spring Data Redis repositories in DEFAULT mode.
24-03-29.16:49:41.923 [main            ] INFO  RepositoryConfigurationDelegate - Finished Spring Data repository scanning in 14 ms. Found 0 Redis repository interfaces.
24-03-29.16:49:42.905 [main            ] INFO  Version                - Redisson 3.26.0
24-03-29.16:49:42.971 [main            ] WARN  DnsServerAddressStreamProviders - Can not find io.netty.resolver.dns.macos.MacOSDnsServerAddressStreamProvider in the classpath, fallback to system defaults. This may result in incorrect DNS resolutions on MacOS. Check whether you have a dependency on 'io.netty:netty-resolver-dns-native-macos'
24-03-29.16:49:43.192 [redisson-netty-1-4] INFO  ConnectionsHolder      - 1 connections initialized for 127.0.0.1/127.0.0.1:16379
24-03-29.16:49:43.205 [redisson-netty-1-13] INFO  ConnectionsHolder      - 5 connections initialized for 127.0.0.1/127.0.0.1:16379
24-03-29.16:49:44.338 [main            ] INFO  EndpointLinksResolver  - Exposing 1 endpoint(s) beneath base path '/actuator'
24-03-29.16:49:44.371 [main            ] INFO  raffle_test            - Started raffle_test in 3.565 seconds (JVM running for 4.045)
24-03-29.16:49:44.706 [main            ] INFO  HikariDataSource       - HikariPool-1 - Starting...
24-03-29.16:49:44.912 [main            ] INFO  HikariDataSource       - HikariPool-1 - Start completed.
24-03-29.16:49:44.940 [main            ] INFO  raffle_test            - 装配策略的结果为100006
24-03-29.16:49:44.956 [main            ] INFO  DefaultChainFilter     - 抽奖责任链-默认处理 userId: matthew strategyId: 100006 ruleModel: rule_default awardId: 102
24-03-29.16:49:44.956 [main            ] INFO  AbstractRaffleStrategy - 完成责任链流程: userId: matthew strategyId: 100006 awardId: 102 规则: rule_default
24-03-29.16:49:44.962 [main            ] INFO  RuleLockTreeNode       - 规则过滤-次数锁 userId:matthew strategyId:100006 awardId:102
24-03-29.16:49:44.976 [main            ] INFO  RuleLockTreeNode       - 决策树-用户抽奖次数满足奖品要求-次数锁节点放行
24-03-29.16:49:44.976 [main            ] INFO  DecisionTreeEngine     - 决策树引擎【规则树】treeId:tree_lock node:RuleTreeNodeVO(treeId=tree_lock, ruleKey=rule_lock, ruleDesc=限定用户已完成N次抽奖后解锁, ruleValue=1, treeNodeLineVOList=[RuleTreeNodeLineVO(treeId=tree_lock, ruleNodeFrom=rule_lock, ruleNodeTo=rule_stock, ruleLimitType=EQUAL, ruleLimitValue=ALLOW), RuleTreeNodeLineVO(treeId=tree_lock, ruleNodeFrom=rule_lock, ruleNodeTo=rule_luck_award, ruleLimitType=EQUAL, ruleLimitValue=TAKE_OVER)]) code:0000
24-03-29.16:49:44.977 [main            ] INFO  RuleStockTreeNode      - 规则过滤-库存节点, userId: matthew strategy: 100006 award: 102
24-03-29.16:49:44.979 [main            ] INFO  RuleStockTreeNode      - 规则过滤-库存扣减-成功 userId:matthew strategyId:100006 awardId:102
24-03-29.16:49:44.996 [main            ] INFO  DecisionTreeEngine     - 决策树引擎【规则树】treeId:tree_lock node:RuleTreeNodeVO(treeId=tree_lock, ruleKey=rule_stock, ruleDesc=库存扣减规则, ruleValue=null, treeNodeLineVOList=[RuleTreeNodeLineVO(treeId=tree_lock, ruleNodeFrom=rule_stock, ruleNodeTo=rule_luck_award, ruleLimitType=EQUAL, ruleLimitValue=TAKE_OVER)]) code:0000
24-03-29.16:49:44.996 [main            ] INFO  AbstractRaffleStrategy - 完成规则树流程: userId: matthew strategyId: 100006 awardId: 102 规则: null
24-03-29.16:49:44.997 [main            ] INFO  raffle_test            - 抽奖结果为102
24-03-29.16:49:45.024 [SpringApplicationShutdownHook] INFO  HikariDataSource       - HikariPool-1 - Shutdown initiated...
24-03-29.16:49:45.042 [SpringApplicationShutdownHook] INFO  HikariDataSource       - HikariPool-1 - Shutdown completed.
24-03-29.16:50:41.265 [main            ] INFO  raffle_test            - Starting raffle_test using Java 1.8.0_402 on MatthewdeMacBook-Air.local with PID 39833 (started by matthew in /Users/matthew/Desktop/Marketing system/Marketing-system-app)
24-03-29.16:50:41.266 [main            ] INFO  raffle_test            - The following 1 profile is active: "dev"
24-03-29.16:50:41.845 [main            ] INFO  RepositoryConfigurationDelegate - Multiple Spring Data modules found, entering strict repository configuration mode
24-03-29.16:50:41.848 [main            ] INFO  RepositoryConfigurationDelegate - Bootstrapping Spring Data Redis repositories in DEFAULT mode.
24-03-29.16:50:41.875 [main            ] INFO  RepositoryConfigurationDelegate - Finished Spring Data repository scanning in 15 ms. Found 0 Redis repository interfaces.
24-03-29.16:50:42.788 [main            ] INFO  Version                - Redisson 3.26.0
24-03-29.16:50:42.863 [main            ] WARN  DnsServerAddressStreamProviders - Can not find io.netty.resolver.dns.macos.MacOSDnsServerAddressStreamProvider in the classpath, fallback to system defaults. This may result in incorrect DNS resolutions on MacOS. Check whether you have a dependency on 'io.netty:netty-resolver-dns-native-macos'
24-03-29.16:50:43.013 [redisson-netty-1-4] INFO  ConnectionsHolder      - 1 connections initialized for 127.0.0.1/127.0.0.1:16379
24-03-29.16:50:43.022 [redisson-netty-1-13] INFO  ConnectionsHolder      - 5 connections initialized for 127.0.0.1/127.0.0.1:16379
24-03-29.16:50:44.013 [main            ] INFO  EndpointLinksResolver  - Exposing 1 endpoint(s) beneath base path '/actuator'
24-03-29.16:50:44.058 [main            ] INFO  raffle_test            - Started raffle_test in 3.252 seconds (JVM running for 3.736)
24-03-29.16:50:44.306 [main            ] INFO  HikariDataSource       - HikariPool-1 - Starting...
24-03-29.16:50:44.520 [main            ] INFO  HikariDataSource       - HikariPool-1 - Start completed.
24-03-29.16:50:44.584 [main            ] INFO  raffle_test            - 装配策略的结果为100006
24-03-29.16:50:44.592 [main            ] INFO  DefaultChainFilter     - 抽奖责任链-默认处理 userId: matthew strategyId: 100006 ruleModel: rule_default awardId: 101
24-03-29.16:50:44.592 [main            ] INFO  AbstractRaffleStrategy - 完成责任链流程: userId: matthew strategyId: 100006 awardId: 101 规则: rule_default
24-03-29.16:50:44.603 [main            ] INFO  RuleLockTreeNode       - 规则过滤-次数锁 userId:matthew strategyId:100006 awardId:101
24-03-29.16:50:44.614 [main            ] INFO  RuleLockTreeNode       - 决策树-用户抽奖次数满足奖品要求-次数锁节点放行
24-03-29.16:50:44.614 [main            ] INFO  DecisionTreeEngine     - 决策树引擎【规则树】treeId:tree_lock node:RuleTreeNodeVO(treeId=tree_lock, ruleKey=rule_lock, ruleDesc=限定用户已完成N次抽奖后解锁, ruleValue=1, treeNodeLineVOList=[RuleTreeNodeLineVO(treeId=tree_lock, ruleNodeFrom=rule_lock, ruleNodeTo=rule_stock, ruleLimitType=EQUAL, ruleLimitValue=ALLOW), RuleTreeNodeLineVO(treeId=tree_lock, ruleNodeFrom=rule_lock, ruleNodeTo=rule_luck_award, ruleLimitType=EQUAL, ruleLimitValue=TAKE_OVER)]) code:0000
24-03-29.16:50:44.614 [main            ] INFO  RuleStockTreeNode      - 规则过滤-库存节点, userId: matthew strategy: 100006 award: 101
24-03-29.16:50:44.615 [main            ] INFO  RuleStockTreeNode      - 规则过滤-库存扣减-成功 userId:matthew strategyId:100006 awardId:101
24-03-29.16:50:44.628 [main            ] INFO  DecisionTreeEngine     - 决策树引擎【规则树】treeId:tree_lock node:RuleTreeNodeVO(treeId=tree_lock, ruleKey=rule_stock, ruleDesc=库存扣减规则, ruleValue=null, treeNodeLineVOList=[RuleTreeNodeLineVO(treeId=tree_lock, ruleNodeFrom=rule_stock, ruleNodeTo=rule_luck_award, ruleLimitType=EQUAL, ruleLimitValue=TAKE_OVER)]) code:0000
24-03-29.16:50:44.628 [main            ] INFO  AbstractRaffleStrategy - 完成规则树流程: userId: matthew strategyId: 100006 awardId: 101 规则: null
24-03-29.16:50:44.628 [main            ] INFO  raffle_test            - 抽奖结果为101
24-03-29.16:50:44.652 [SpringApplicationShutdownHook] INFO  HikariDataSource       - HikariPool-1 - Shutdown initiated...
24-03-29.16:50:44.665 [SpringApplicationShutdownHook] INFO  HikariDataSource       - HikariPool-1 - Shutdown completed.
